This is pdfTeX, Version 3.141592653-2.6-1.40.24 (TeX Live 2022) (preloaded format=pdflatex 2022.8.10)  9 DEC 2022 12:53
entering extended mode
 restricted \write18 enabled.
 %&-line parsing enabled.
**gshs_thesis.tex
(./gshs_thesis.tex
LaTeX2e <2022-06-01> patch level 5
L3 programming layer <2022-08-05> (./gshs_thesis.cls
Document Class: gshs_thesis 
(c:/texlive/2022/texmf-dist/tex/generic/iftex/ifxetex.sty
Package: ifxetex 2019/10/25 v0.7 ifxetex legacy package. Use iftex instead.

(c:/texlive/2022/texmf-dist/tex/generic/iftex/iftex.sty
Package: iftex 2022/02/03 v1.0f TeX engine tests
))
(c:/texlive/2022/texmf-dist/tex/latex/cjk-ko/kotex.sty
Package: kotex 2015/04/19 v1.6 Korean TeX (ko.TeX)

(c:/texlive/2022/texmf-dist/tex/latex/kotex-utf/kotex.cfg)
(c:/texlive/2022/texmf-dist/tex/latex/kotex-utf/kotexutf.sty
Package: kotexutf 2022/06/22 v3.0.0 typesetting UTF-8 Korean documents

(c:/texlive/2022/texmf-dist/tex/latex/base/inputenc.sty
Package: inputenc 2021/02/14 v1.3d Input encoding file
\inpenc@prehook=\toks16
\inpenc@posthook=\toks17
)
(c:/texlive/2022/texmf-dist/tex/plain/kotex-plain/kotexutf-core.tex
\unih@ngulpoint=\count185
\dhucs@emph@raise=\dimen138
)
Now handling font encoding LUC ...
... processing UTF-8 mapping file for font encoding LUC

(c:/texlive/2022/texmf-dist/tex/latex/kotex-utf/lucenc.dfu
File: lucenc.dfu 2007/09/05 UTF-8 support for dhucs
   defining Unicode char U+00B7 (decimal 183)
   defining Unicode char U+2018 (decimal 8216)
   defining Unicode char U+2019 (decimal 8217)
   defining Unicode char U+201C (decimal 8220)
   defining Unicode char U+201D (decimal 8221)
   defining Unicode char U+3001 (decimal 12289)
   defining Unicode char U+3002 (decimal 12290)
   defining Unicode char U+3008 (decimal 12296)
   defining Unicode char U+3009 (decimal 12297)
   defining Unicode char U+300A (decimal 12298)
   defining Unicode char U+300B (decimal 12299)
   defining Unicode char U+300C (decimal 12300)
   defining Unicode char U+300D (decimal 12301)
   defining Unicode char U+300E (decimal 12302)
   defining Unicode char U+300F (decimal 12303)
   defining Unicode char U+3010 (decimal 12304)
   defining Unicode char U+3011 (decimal 12305)
   defining Unicode char U+3014 (decimal 12308)
   defining Unicode char U+3015 (decimal 12309)
   defining Unicode char U+3016 (decimal 12310)
   defining Unicode char U+3017 (decimal 12311)
   defining Unicode char U+3018 (decimal 12312)
   defining Unicode char U+3019 (decimal 12313)
   defining Unicode char U+301A (decimal 12314)
   defining Unicode char U+301B (decimal 12315)
   defining Unicode char U+FF01 (decimal 65281)
   defining Unicode char U+FF08 (decimal 65288)
   defining Unicode char U+FF09 (decimal 65289)
   defining Unicode char U+FF0C (decimal 65292)
   defining Unicode char U+FF0E (decimal 65294)
   defining Unicode char U+FF1A (decimal 65306)
   defining Unicode char U+FF1B (decimal 65307)
   defining Unicode char U+FF1C (decimal 65308)
   defining Unicode char U+FF1D (decimal 65309)
   defining Unicode char U+FF1E (decimal 65310)
   defining Unicode char U+FF1F (decimal 65311)
   defining Unicode char U+FF3B (decimal 65339)
   defining Unicode char U+FF3D (decimal 65341)
   defining Unicode char U+FF5B (decimal 65371)
   defining Unicode char U+FF5D (decimal 65373)
   defining Unicode char U+FF61 (decimal 65377)
   defining Unicode char U+FF62 (decimal 65378)
   defining Unicode char U+FF63 (decimal 65379)
   defining Unicode char U+FF64 (decimal 65380)
   defining Unicode char U+FF65 (decimal 65381)
)
\@josa=\count186
\josatoks=\toks18

(c:/texlive/2022/texmf-dist/tex/latex/cjk-ko/kolabels-utf.sty
Package: kolabels-utf 2015/03/20 v1.5 UTF-8 Hangul item labels
)))
(c:/texlive/2022/texmf-dist/tex/latex/base/article.cls
Document Class: article 2021/10/04 v1.4n Standard LaTeX document class
(c:/texlive/2022/texmf-dist/tex/latex/base/size11.clo
File: size11.clo 2021/10/04 v1.4n Standard LaTeX file (size option)
)
\c@part=\count187
\c@section=\count188
\c@subsection=\count189
\c@subsubsection=\count190
\c@paragraph=\count191
\c@subparagraph=\count192
\c@figure=\count193
\c@table=\count194
\abovecaptionskip=\skip47
\belowcaptionskip=\skip48
\bibindent=\dimen139
)
(c:/texlive/2022/texmf-dist/tex/latex/geometry/geometry.sty
Package: geometry 2020/01/02 v5.9 Page Geometry

(c:/texlive/2022/texmf-dist/tex/latex/graphics/keyval.sty
Package: keyval 2022/05/29 v1.15 key=value parser (DPC)
\KV@toks@=\toks19
)
(c:/texlive/2022/texmf-dist/tex/generic/iftex/ifvtex.sty
Package: ifvtex 2019/10/25 v1.7 ifvtex legacy package. Use iftex instead.
)
\Gm@cnth=\count195
\Gm@cntv=\count196
\c@Gm@tempcnt=\count197
\Gm@bindingoffset=\dimen140
\Gm@wd@mp=\dimen141
\Gm@odd@mp=\dimen142
\Gm@even@mp=\dimen143
\Gm@layoutwidth=\dimen144
\Gm@layoutheight=\dimen145
\Gm@layouthoffset=\dimen146
\Gm@layoutvoffset=\dimen147
\Gm@dimlist=\toks20
)
(c:/texlive/2022/texmf-dist/tex/latex/amsfonts/amssymb.sty
Package: amssymb 2013/01/14 v3.01 AMS font symbols

(c:/texlive/2022/texmf-dist/tex/latex/amsfonts/amsfonts.sty
Package: amsfonts 2013/01/14 v3.01 Basic AMSFonts support
\@emptytoks=\toks21
\symAMSa=\mathgroup4
\symAMSb=\mathgroup5
LaTeX Font Info:    Redeclaring math symbol \hbar on input line 98.
LaTeX Font Info:    Overwriting math alphabet `\mathfrak' in version `bold'
(Font)                  U/euf/m/n --> U/euf/b/n on input line 106.
))
(c:/texlive/2022/texmf-dist/tex/latex/amsmath/amsmath.sty
Package: amsmath 2022/04/08 v2.17n AMS math features
\@mathmargin=\skip49

For additional information on amsmath, use the `?' option.
(c:/texlive/2022/texmf-dist/tex/latex/amsmath/amstext.sty
Package: amstext 2021/08/26 v2.01 AMS text

(c:/texlive/2022/texmf-dist/tex/latex/amsmath/amsgen.sty
File: amsgen.sty 1999/11/30 v2.0 generic functions
\@emptytoks=\toks22
\ex@=\dimen148
))
(c:/texlive/2022/texmf-dist/tex/latex/amsmath/amsbsy.sty
Package: amsbsy 1999/11/29 v1.2d Bold Symbols
\pmbraise@=\dimen149
)
(c:/texlive/2022/texmf-dist/tex/latex/amsmath/amsopn.sty
Package: amsopn 2022/04/08 v2.04 operator names
)
\inf@bad=\count198
LaTeX Info: Redefining \frac on input line 234.
\uproot@=\count199
\leftroot@=\count266
LaTeX Info: Redefining \overline on input line 399.
LaTeX Info: Redefining \colon on input line 410.
\classnum@=\count267
\DOTSCASE@=\count268
LaTeX Info: Redefining \ldots on input line 496.
LaTeX Info: Redefining \dots on input line 499.
LaTeX Info: Redefining \cdots on input line 620.
\Mathstrutbox@=\box51
\strutbox@=\box52
LaTeX Info: Redefining \big on input line 722.
LaTeX Info: Redefining \Big on input line 723.
LaTeX Info: Redefining \bigg on input line 724.
LaTeX Info: Redefining \Bigg on input line 725.
\big@size=\dimen150
LaTeX Font Info:    Redeclaring font encoding OML on input line 743.
LaTeX Font Info:    Redeclaring font encoding OMS on input line 744.
\macc@depth=\count269
LaTeX Info: Redefining \bmod on input line 905.
LaTeX Info: Redefining \pmod on input line 910.
LaTeX Info: Redefining \smash on input line 940.
LaTeX Info: Redefining \relbar on input line 970.
LaTeX Info: Redefining \Relbar on input line 971.
\c@MaxMatrixCols=\count270
\dotsspace@=\muskip16
\c@parentequation=\count271
\dspbrk@lvl=\count272
\tag@help=\toks23
\row@=\count273
\column@=\count274
\maxfields@=\count275
\andhelp@=\toks24
\eqnshift@=\dimen151
\alignsep@=\dimen152
\tagshift@=\dimen153
\tagwidth@=\dimen154
\totwidth@=\dimen155
\lineht@=\dimen156
\@envbody=\toks25
\multlinegap=\skip50
\multlinetaggap=\skip51
\mathdisplay@stack=\toks26
LaTeX Info: Redefining \[ on input line 2953.
LaTeX Info: Redefining \] on input line 2954.
)
(c:/texlive/2022/texmf-dist/tex/latex/graphics/graphicx.sty
Package: graphicx 2021/09/16 v1.2d Enhanced LaTeX Graphics (DPC,SPQR)

(c:/texlive/2022/texmf-dist/tex/latex/graphics/graphics.sty
Package: graphics 2022/03/10 v1.4e Standard LaTeX Graphics (DPC,SPQR)

(c:/texlive/2022/texmf-dist/tex/latex/graphics/trig.sty
Package: trig 2021/08/11 v1.11 sin cos tan (DPC)
)
(c:/texlive/2022/texmf-dist/tex/latex/graphics-cfg/graphics.cfg
File: graphics.cfg 2016/06/04 v1.11 sample graphics configuration
)
Package graphics Info: Driver file: pdftex.def on input line 107.

(c:/texlive/2022/texmf-dist/tex/latex/graphics-def/pdftex.def
File: pdftex.def 2020/10/05 v1.2a Graphics/color driver for pdftex
))
\Gin@req@height=\dimen157
\Gin@req@width=\dimen158
)
(c:/texlive/2022/texmf-dist/tex/latex/caption/caption.sty
Package: caption 2022/03/01 v3.6b Customizing captions (AR)

(c:/texlive/2022/texmf-dist/tex/latex/caption/caption3.sty
Package: caption3 2022/03/17 v2.3b caption3 kernel (AR)
\caption@tempdima=\dimen159
\captionmargin=\dimen160
\caption@leftmargin=\dimen161
\caption@rightmargin=\dimen162
\caption@width=\dimen163
\caption@indent=\dimen164
\caption@parindent=\dimen165
\caption@hangindent=\dimen166
Package caption Info: Standard document class detected.
)
\c@caption@flags=\count276
\c@continuedfloat=\count277
)
(c:/texlive/2022/texmf-dist/tex/latex/caption/subcaption.sty
Package: subcaption 2022/01/07 v1.5 Sub-captions (AR)
\c@subfigure=\count278
\c@subtable=\count279
)
(c:/texlive/2022/texmf-dist/tex/latex/fancyhdr/fancyhdr.sty
Package: fancyhdr 2022/05/18 v4.0.3 Extensive control of page headers and foote
rs
\f@nch@headwidth=\skip52
\f@nch@O@elh=\skip53
\f@nch@O@erh=\skip54
\f@nch@O@olh=\skip55
\f@nch@O@orh=\skip56
\f@nch@O@elf=\skip57
\f@nch@O@erf=\skip58
\f@nch@O@olf=\skip59
\f@nch@O@orf=\skip60
)
(c:/texlive/2022/texmf-dist/tex/latex/tocbibind/tocbibind.sty
Package: tocbibind 2010/10/13 v1.5k extra ToC listings
Package tocbibind Info: The document has section divisions on input line 50.


Package tocbibind Note: Using section or other style headings.

) (c:/texlive/2022/texmf-dist/tex/latex/titlesec/titlesec.sty
Package: titlesec 2021/07/05 v2.14 Sectioning titles
\ttl@box=\box53
\beforetitleunit=\skip61
\aftertitleunit=\skip62
\ttl@plus=\dimen167
\ttl@minus=\dimen168
\ttl@toksa=\toks27
\titlewidth=\dimen169
\titlewidthlast=\dimen170
\titlewidthfirst=\dimen171
)
(c:/texlive/2022/texmf-dist/tex/latex/cite/cite.sty
LaTeX Info: Redefining \cite on input line 302.
LaTeX Info: Redefining \nocite on input line 332.
Package: cite 2015/02/27  v 5.5
)
(c:/texlive/2022/texmf-dist/tex/latex/tocloft/tocloft.sty
Package: tocloft 2017/08/31 v2.3i parameterised ToC, etc., typesetting
Package tocloft Info: The document has section divisions on input line 51.
\cftparskip=\skip63
\cftbeforetoctitleskip=\skip64
\cftaftertoctitleskip=\skip65
\cftbeforepartskip=\skip66
\cftpartnumwidth=\skip67
\cftpartindent=\skip68
\cftbeforesecskip=\skip69
\cftsecindent=\skip70
\cftsecnumwidth=\skip71
\cftbeforesubsecskip=\skip72
\cftsubsecindent=\skip73
\cftsubsecnumwidth=\skip74
\cftbeforesubsubsecskip=\skip75
\cftsubsubsecindent=\skip76
\cftsubsubsecnumwidth=\skip77
\cftbeforeparaskip=\skip78
\cftparaindent=\skip79
\cftparanumwidth=\skip80
\cftbeforesubparaskip=\skip81
\cftsubparaindent=\skip82
\cftsubparanumwidth=\skip83
\cftbeforeloftitleskip=\skip84
\cftafterloftitleskip=\skip85
\cftbeforefigskip=\skip86
\cftfigindent=\skip87
\cftfignumwidth=\skip88
\c@lofdepth=\count280
\c@lotdepth=\count281
\cftbeforelottitleskip=\skip89
\cftafterlottitleskip=\skip90
\cftbeforetabskip=\skip91
\cfttabindent=\skip92
\cfttabnumwidth=\skip93
)
(c:/texlive/2022/texmf-dist/tex/latex/appendix/appendix.sty
Package: appendix 2020/02/08 v1.2c extra appendix facilities
\c@@pps=\count282
\c@@ppsavesec=\count283
\c@@ppsaveapp=\count284
)
(c:/texlive/2022/texmf-dist/tex/latex/base/fontenc.sty
Package: fontenc 2021/04/29 v2.0v Standard LaTeX package
)
(c:/texlive/2022/texmf-dist/tex/latex/psnfss/mathptmx.sty
Package: mathptmx 2020/03/25 PSNFSS-v9.3 Times w/ Math, improved (SPQR, WaS) 
LaTeX Font Info:    Redeclaring symbol font `operators' on input line 28.
LaTeX Font Info:    Overwriting symbol font `operators' in version `normal'
(Font)                  OT1/cmr/m/n --> OT1/ztmcm/m/n on input line 28.
LaTeX Font Info:    Overwriting symbol font `operators' in version `bold'
(Font)                  OT1/cmr/bx/n --> OT1/ztmcm/m/n on input line 28.
LaTeX Font Info:    Redeclaring symbol font `letters' on input line 29.
LaTeX Font Info:    Overwriting symbol font `letters' in version `normal'
(Font)                  OML/cmm/m/it --> OML/ztmcm/m/it on input line 29.
LaTeX Font Info:    Overwriting symbol font `letters' in version `bold'
(Font)                  OML/cmm/b/it --> OML/ztmcm/m/it on input line 29.
LaTeX Font Info:    Redeclaring symbol font `symbols' on input line 30.
LaTeX Font Info:    Overwriting symbol font `symbols' in version `normal'
(Font)                  OMS/cmsy/m/n --> OMS/ztmcm/m/n on input line 30.
LaTeX Font Info:    Overwriting symbol font `symbols' in version `bold'
(Font)                  OMS/cmsy/b/n --> OMS/ztmcm/m/n on input line 30.
LaTeX Font Info:    Redeclaring symbol font `largesymbols' on input line 31.
LaTeX Font Info:    Overwriting symbol font `largesymbols' in version `normal'
(Font)                  OMX/cmex/m/n --> OMX/ztmcm/m/n on input line 31.
LaTeX Font Info:    Overwriting symbol font `largesymbols' in version `bold'
(Font)                  OMX/cmex/m/n --> OMX/ztmcm/m/n on input line 31.
\symbold=\mathgroup6
\symitalic=\mathgroup7
LaTeX Font Info:    Redeclaring math alphabet \mathbf on input line 34.
LaTeX Font Info:    Overwriting math alphabet `\mathbf' in version `normal'
(Font)                  OT1/cmr/bx/n --> OT1/ptm/bx/n on input line 34.
LaTeX Font Info:    Overwriting math alphabet `\mathbf' in version `bold'
(Font)                  OT1/cmr/bx/n --> OT1/ptm/bx/n on input line 34.
LaTeX Font Info:    Redeclaring math alphabet \mathit on input line 35.
LaTeX Font Info:    Overwriting math alphabet `\mathit' in version `normal'
(Font)                  OT1/cmr/m/it --> OT1/ptm/m/it on input line 35.
LaTeX Font Info:    Overwriting math alphabet `\mathit' in version `bold'
(Font)                  OT1/cmr/bx/it --> OT1/ptm/m/it on input line 35.
LaTeX Info: Redefining \hbar on input line 50.
)
(c:/texlive/2022/texmf-dist/tex/latex/tools/array.sty
Package: array 2022/03/10 v2.5f Tabular extension package (FMi)
\col@sep=\dimen172
\ar@mcellbox=\box54
\extrarowheight=\dimen173
\NC@list=\toks28
\extratabsurround=\skip94
\backup@length=\skip95
\ar@cellbox=\box55
)
(c:/texlive/2022/texmf-dist/tex/latex/setspace/setspace.sty
Package: setspace 2011/12/19 v6.7a set line spacing
)
(c:/texlive/2022/texmf-dist/tex/latex/enumitem/enumitem.sty
Package: enumitem 2019/06/20 v3.9 Customized lists
\labelindent=\skip96
\enit@outerparindent=\dimen174
\enit@toks=\toks29
\enit@inbox=\box56
\enit@count@id=\count285
\enitdp@description=\count286
)
(c:/texlive/2022/texmf-dist/tex/latex/etoolbox/etoolbox.sty
Package: etoolbox 2020/10/05 v2.5k e-TeX tools for LaTeX (JAW)
\etb@tempcnta=\count287
)
\mylenfig=\skip97
\mylentab=\skip98
)
(c:/texlive/2022/texmf-dist/tex/latex/tools/multicol.sty
Package: multicol 2021/11/30 v1.9d multicolumn formatting (FMi)
\c@tracingmulticols=\count288
\mult@box=\box57
\multicol@leftmargin=\dimen175
\c@unbalance=\count289
\c@collectmore=\count290
\doublecol@number=\count291
\multicoltolerance=\count292
\multicolpretolerance=\count293
\full@width=\dimen176
\page@free=\dimen177
\premulticols=\dimen178
\postmulticols=\dimen179
\multicolsep=\skip99
\multicolbaselineskip=\skip100
\partial@page=\box58
\last@line=\box59
\maxbalancingoverflow=\dimen180
\mult@rightbox=\box60
\mult@grightbox=\box61
\mult@firstbox=\box62
\mult@gfirstbox=\box63
\@tempa=\box64
\@tempa=\box65
\@tempa=\box66
\@tempa=\box67
\@tempa=\box68
\@tempa=\box69
\@tempa=\box70
\@tempa=\box71
\@tempa=\box72
\@tempa=\box73
\@tempa=\box74
\@tempa=\box75
\@tempa=\box76
\@tempa=\box77
\@tempa=\box78
\@tempa=\box79
\@tempa=\box80
\@tempa=\box81
\@tempa=\box82
\@tempa=\box83
\@tempa=\box84
\@tempa=\box85
\@tempa=\box86
\@tempa=\box87
\@tempa=\box88
\@tempa=\box89
\@tempa=\box90
\@tempa=\box91
\@tempa=\box92
\@tempa=\box93
\@tempa=\box94
\@tempa=\box95
\@tempa=\box96
\@tempa=\box97
\@tempa=\box98
\@tempa=\box99
\c@minrows=\count294
\c@columnbadness=\count295
\c@finalcolumnbadness=\count296
\last@try=\dimen181
\multicolovershoot=\dimen182
\multicolundershoot=\dimen183
\mult@nat@firstbox=\box100
\colbreak@box=\box101
\mc@col@check@num=\count297
)
(c:/texlive/2022/texmf-dist/tex/latex/tools/verbatim.sty
Package: verbatim 2020-07-07 v1.5u LaTeX2e package for verbatim enhancements
\every@verbatim=\toks30
\verbatim@line=\toks31
\verbatim@in@stream=\read2
)
(c:/texlive/2022/texmf-dist/tex/latex/amscls/amsthm.sty
Package: amsthm 2020/05/29 v2.20.6
\thm@style=\toks32
\thm@bodyfont=\toks33
\thm@headfont=\toks34
\thm@notefont=\toks35
\thm@headpunct=\toks36
\thm@preskip=\skip101
\thm@postskip=\skip102
\thm@headsep=\skip103
\dth@everypar=\toks37
)
(c:/texlive/2022/texmf-dist/tex/generic/babel/babel.sty
Package: babel 2022/07/20 3.78 The Babel package
\babel@savecnt=\count298
\U@D=\dimen184
\l@unhyphenated=\language87

(c:/texlive/2022/texmf-dist/tex/generic/babel/txtbabel.def)
\bbl@readstream=\read3
\bbl@dirlevel=\count299

(c:/texlive/2022/texmf-dist/tex/generic/babel-english/english.ldf
Language: english 2017/06/06 v3.3r English support from the babel system
Package babel Info: Hyphen rules for 'canadian' set to \l@english
(babel)             (\language0). Reported on input line 102.
Package babel Info: Hyphen rules for 'australian' set to \l@ukenglish
(babel)             (\language21). Reported on input line 105.
Package babel Info: Hyphen rules for 'newzealand' set to \l@ukenglish
(babel)             (\language21). Reported on input line 108.
))
(c:/texlive/2022/texmf-dist/tex/generic/babel/locale/en/babel-english.tex
Package babel Info: Importing font and identification data for english
(babel)             from babel-en.ini. Reported on input line 11.
)
(c:/texlive/2022/texmf-dist/tex/latex/hyperref/hyperref.sty
Package: hyperref 2022-06-20 v7.00s Hypertext links for LaTeX

(c:/texlive/2022/texmf-dist/tex/generic/ltxcmds/ltxcmds.sty
Package: ltxcmds 2020-05-10 v1.25 LaTeX kernel commands for general use (HO)
)
(c:/texlive/2022/texmf-dist/tex/generic/pdftexcmds/pdftexcmds.sty
Package: pdftexcmds 2020-06-27 v0.33 Utility functions of pdfTeX for LuaTeX (HO
)

(c:/texlive/2022/texmf-dist/tex/generic/infwarerr/infwarerr.sty
Package: infwarerr 2019/12/03 v1.5 Providing info/warning/error messages (HO)
)
Package pdftexcmds Info: \pdf@primitive is available.
Package pdftexcmds Info: \pdf@ifprimitive is available.
Package pdftexcmds Info: \pdfdraftmode found.
)
(c:/texlive/2022/texmf-dist/tex/generic/kvsetkeys/kvsetkeys.sty
Package: kvsetkeys 2019/12/15 v1.18 Key value parser (HO)
)
(c:/texlive/2022/texmf-dist/tex/generic/kvdefinekeys/kvdefinekeys.sty
Package: kvdefinekeys 2019-12-19 v1.6 Define keys (HO)
)
(c:/texlive/2022/texmf-dist/tex/generic/pdfescape/pdfescape.sty
Package: pdfescape 2019/12/09 v1.15 Implements pdfTeX's escape features (HO)
)
(c:/texlive/2022/texmf-dist/tex/latex/hycolor/hycolor.sty
Package: hycolor 2020-01-27 v1.10 Color options for hyperref/bookmark (HO)
)
(c:/texlive/2022/texmf-dist/tex/latex/letltxmacro/letltxmacro.sty
Package: letltxmacro 2019/12/03 v1.6 Let assignment for LaTeX macros (HO)
)
(c:/texlive/2022/texmf-dist/tex/latex/auxhook/auxhook.sty
Package: auxhook 2019-12-17 v1.6 Hooks for auxiliary files (HO)
)
(c:/texlive/2022/texmf-dist/tex/latex/hyperref/nameref.sty
Package: nameref 2022-05-17 v2.50 Cross-referencing by name of section

(c:/texlive/2022/texmf-dist/tex/latex/refcount/refcount.sty
Package: refcount 2019/12/15 v3.6 Data extraction from label references (HO)
)
(c:/texlive/2022/texmf-dist/tex/generic/gettitlestring/gettitlestring.sty
Package: gettitlestring 2019/12/15 v1.6 Cleanup title references (HO)

(c:/texlive/2022/texmf-dist/tex/latex/kvoptions/kvoptions.sty
Package: kvoptions 2022-06-15 v3.15 Key value format for package options (HO)
))
\c@section@level=\count300
)
\@linkdim=\dimen185
\Hy@linkcounter=\count301
\Hy@pagecounter=\count302

(c:/texlive/2022/texmf-dist/tex/latex/hyperref/pd1enc.def
File: pd1enc.def 2022-06-20 v7.00s Hyperref: PDFDocEncoding definition (HO)
Now handling font encoding PD1 ...
... no UTF-8 mapping file for font encoding PD1
)
(c:/texlive/2022/texmf-dist/tex/generic/intcalc/intcalc.sty
Package: intcalc 2019/12/15 v1.3 Expandable calculations with integers (HO)
)
(c:/texlive/2022/texmf-dist/tex/generic/etexcmds/etexcmds.sty
Package: etexcmds 2019/12/15 v1.7 Avoid name clashes with e-TeX commands (HO)
)
\Hy@SavedSpaceFactor=\count303

(c:/texlive/2022/texmf-dist/tex/latex/hyperref/puenc.def
File: puenc.def 2022-06-20 v7.00s Hyperref: PDF Unicode definition (HO)
Now handling font encoding PU ...
... no UTF-8 mapping file for font encoding PU
)
Package hyperref Info: Hyper figures OFF on input line 4162.
Package hyperref Info: Link nesting OFF on input line 4167.
Package hyperref Info: Hyper index ON on input line 4170.
Package hyperref Info: Plain pages OFF on input line 4177.
Package hyperref Info: Backreferencing OFF on input line 4182.
Package hyperref Info: Implicit mode ON; LaTeX internals redefined.
Package hyperref Info: Bookmarks ON on input line 4408.
\c@Hy@tempcnt=\count304

(c:/texlive/2022/texmf-dist/tex/latex/url/url.sty
\Urlmuskip=\muskip17
Package: url 2013/09/16  ver 3.4  Verb mode for urls, etc.
)
LaTeX Info: Redefining \url on input line 4746.
\XeTeXLinkMargin=\dimen186

(c:/texlive/2022/texmf-dist/tex/generic/bitset/bitset.sty
Package: bitset 2019/12/09 v1.3 Handle bit-vector datatype (HO)

(c:/texlive/2022/texmf-dist/tex/generic/bigintcalc/bigintcalc.sty
Package: bigintcalc 2019/12/15 v1.5 Expandable calculations on big integers (HO
)
))
\Fld@menulength=\count305
\Field@Width=\dimen187
\Fld@charsize=\dimen188
Package hyperref Info: Hyper figures OFF on input line 6024.
Package hyperref Info: Link nesting OFF on input line 6029.
Package hyperref Info: Hyper index ON on input line 6032.
Package hyperref Info: backreferencing OFF on input line 6039.
Package hyperref Info: Link coloring OFF on input line 6044.
Package hyperref Info: Link coloring with OCG OFF on input line 6049.
Package hyperref Info: PDF/A mode OFF on input line 6054.

(c:/texlive/2022/texmf-dist/tex/latex/base/atbegshi-ltx.sty
Package: atbegshi-ltx 2021/01/10 v1.0c Emulation of the original atbegshi
package with kernel methods
)
\Hy@abspage=\count306
\c@Item=\count307
\c@Hfootnote=\count308
)
Package hyperref Info: Driver (autodetected): hpdftex.

(c:/texlive/2022/texmf-dist/tex/latex/hyperref/hpdftex.def
File: hpdftex.def 2022-06-20 v7.00s Hyperref driver for pdfTeX

(c:/texlive/2022/texmf-dist/tex/latex/base/atveryend-ltx.sty
Package: atveryend-ltx 2020/08/19 v1.0a Emulation of the original atveryend pac
kage
with kernel methods
)
\Fld@listcount=\count309
\c@bookmark@seq@number=\count310

(c:/texlive/2022/texmf-dist/tex/latex/rerunfilecheck/rerunfilecheck.sty
Package: rerunfilecheck 2022-07-10 v1.10 Rerun checks for auxiliary files (HO)

(c:/texlive/2022/texmf-dist/tex/generic/uniquecounter/uniquecounter.sty
Package: uniquecounter 2019/12/15 v1.4 Provide unlimited unique counter (HO)
)
Package uniquecounter Info: New unique counter `rerunfilecheck' on input line 2
85.
)
\Hy@SectionHShift=\skip104
)
(c:/texlive/2022/texmf-dist/tex/latex/cleveref/cleveref.sty
Package: cleveref 2018/03/27 v0.21.4 Intelligent cross-referencing
Package cleveref Info: `hyperref' support loaded on input line 2370.
LaTeX Info: Redefining \cref on input line 2370.
LaTeX Info: Redefining \Cref on input line 2370.
LaTeX Info: Redefining \crefrange on input line 2370.
LaTeX Info: Redefining \Crefrange on input line 2370.
LaTeX Info: Redefining \cpageref on input line 2370.
LaTeX Info: Redefining \Cpageref on input line 2370.
LaTeX Info: Redefining \cpagerefrange on input line 2370.
LaTeX Info: Redefining \Cpagerefrange on input line 2370.
LaTeX Info: Redefining \labelcref on input line 2370.
LaTeX Info: Redefining \labelcpageref on input line 2370.
Package cleveref Info: `amsthm' support loaded on input line 3026.
Package cleveref Info: always capitalise cross-reference names on input line 78
30.
Package cleveref Info: include cross-reference names in hyperlinks on input lin
e 7836.
Package cleveref Info: always capitalise cross-reference names on input line 78
52.
Package cleveref Info: include cross-reference names in hyperlinks on input lin
e 7852.
)
(c:/texlive/2022/texmf-dist/tex/latex/spverbatim/spverbatim.sty
Package: spverbatim 2009/08/10 v1.0 Verbatim with breakable spaces
)
(c:/texlive/2022/texmf-dist/tex/latex/blindtext/blindtext.sty
Package: blindtext 2012/01/06 V2.0 blindtext-Package

(c:/texlive/2022/texmf-dist/tex/latex/tools/xspace.sty
Package: xspace 2014/10/28 v1.13 Space after command names (DPC,MH)
)
\c@blindtext=\count311
\c@Blindtext=\count312
\c@blind@countparstart=\count313
\blind@countxx=\count314
\blindtext@numBlindtext=\count315
\blind@countyy=\count316
\c@blindlist=\count317
\c@blindlistlevel=\count318
\c@blindlist@level=\count319
\blind@listitem=\count320
\c@blind@listcount=\count321
\c@blind@levelcount=\count322
\blind@mathformula=\count323
\blind@Mathformula=\count324
\c@blind@randomcount=\count325
\c@blind@randommax=\count326
\c@blind@pangramcount=\count327
\c@blind@pangrammax=\count328
)
(c:/texlive/2022/texmf-dist/tex/latex/listings/listings.sty
\lst@mode=\count329
\lst@gtempboxa=\box102
\lst@token=\toks38
\lst@length=\count330
\lst@currlwidth=\dimen189
\lst@column=\count331
\lst@pos=\count332
\lst@lostspace=\dimen190
\lst@width=\dimen191
\lst@newlines=\count333
\lst@lineno=\count334
\lst@maxwidth=\dimen192

(c:/texlive/2022/texmf-dist/tex/latex/listings/lstmisc.sty
File: lstmisc.sty 2020/03/24 1.8d (Carsten Heinz)
\c@lstnumber=\count335
\lst@skipnumbers=\count336
\lst@framebox=\box103
)
(c:/texlive/2022/texmf-dist/tex/latex/listings/listings.cfg
File: listings.cfg 2020/03/24 1.8d listings configuration
))
Package: listings 2020/03/24 1.8d (Carsten Heinz)

(c:/texlive/2022/texmf-dist/tex/latex/xcolor/xcolor.sty
Package: xcolor 2022/06/12 v2.14 LaTeX color extensions (UK)

(c:/texlive/2022/texmf-dist/tex/latex/graphics-cfg/color.cfg
File: color.cfg 2016/01/02 v1.6 sample color configuration
)
Package xcolor Info: Driver file: pdftex.def on input line 227.

(c:/texlive/2022/texmf-dist/tex/latex/graphics/mathcolor.ltx)
Package xcolor Info: Model `cmy' substituted by `cmy0' on input line 1353.
Package xcolor Info: Model `hsb' substituted by `rgb' on input line 1357.
Package xcolor Info: Model `RGB' extended on input line 1369.
Package xcolor Info: Model `HTML' substituted by `rgb' on input line 1371.
Package xcolor Info: Model `Hsb' substituted by `hsb' on input line 1372.
Package xcolor Info: Model `tHsb' substituted by `hsb' on input line 1373.
Package xcolor Info: Model `HSB' substituted by `hsb' on input line 1374.
Package xcolor Info: Model `Gray' substituted by `gray' on input line 1375.
Package xcolor Info: Model `wave' substituted by `hsb' on input line 1376.
)
Package hyperref Info: Option `colorlinks' set `true' on input line 23.


Package amsthm Warning: Unknown theoremstyle `theorem' on input line 24.

\c@theorem=\count337

Package amsthm Warning: Unknown theoremstyle `lemma' on input line 26.

LaTeX Font Info:    Trying to load font information for T1+ptm on input line 90
.
(c:/texlive/2022/texmf-dist/tex/latex/psnfss/t1ptm.fd
File: t1ptm.fd 2001/06/04 font definitions for T1/ptm.
)
(c:/texlive/2022/texmf-dist/tex/latex/l3backend/l3backend-pdftex.def
File: l3backend-pdftex.def 2022-08-05 L3 backend support: PDF output (pdfTeX)
\l__color_backend_stack_int=\count338
\l__pdf_internal_box=\box104
)

LaTeX Warning: Unused global option(s):
    [pdftex].

(./gshs_thesis.aux)
\openout1 = `gshs_thesis.aux'.

LaTeX Font Info:    Checking defaults for OML/cmm/m/it on input line 90.
LaTeX Font Info:    ... okay on input line 90.
LaTeX Font Info:    Checking defaults for OMS/cmsy/m/n on input line 90.
LaTeX Font Info:    ... okay on input line 90.
LaTeX Font Info:    Checking defaults for OT1/cmr/m/n on input line 90.
LaTeX Font Info:    ... okay on input line 90.
LaTeX Font Info:    Checking defaults for T1/cmr/m/n on input line 90.
LaTeX Font Info:    ... okay on input line 90.
LaTeX Font Info:    Checking defaults for TS1/cmr/m/n on input line 90.
LaTeX Font Info:    ... okay on input line 90.
LaTeX Font Info:    Checking defaults for OMX/cmex/m/n on input line 90.
LaTeX Font Info:    ... okay on input line 90.
LaTeX Font Info:    Checking defaults for U/cmr/m/n on input line 90.
LaTeX Font Info:    ... okay on input line 90.
LaTeX Font Info:    Checking defaults for LUC/nanummj/m/n on input line 90.
LaTeX Font Info:    Trying to load font information for LUC+nanummj on input li
ne 90.

(c:/texlive/2022/texmf-dist/tex/latex/nanumtype1/lucnanummj.fd
File: lucnanummj.fd 2013/02/12 v0.1 Nanum Myeongjo font definitions
)
LaTeX Font Info:    ... okay on input line 90.
LaTeX Font Info:    Checking defaults for PD1/pdf/m/n on input line 90.
LaTeX Font Info:    ... okay on input line 90.
LaTeX Font Info:    Checking defaults for PU/pdf/m/n on input line 90.
LaTeX Font Info:    ... okay on input line 90.

*geometry* driver: auto-detecting
*geometry* detected driver: pdftex
*geometry* verbose mode - [ preamble ] result:
* driver: pdftex
* paper: <default>
* layout: <same size as paper>
* layoutoffset:(h,v)=(0.0pt,0.0pt)
* modes: 
* h-part:(L,W,R)=(71.13188pt, 472.03123pt, 71.13188pt)
* v-part:(T,H,B)=(71.13188pt, 638.47984pt, 85.35826pt)
* \paperwidth=554.82874pt
* \paperheight=725.54527pt
* \textwidth=412.56496pt
* \textheight=569.05511pt
* \oddsidemargin=0.0pt
* \evensidemargin=0.0pt
* \topmargin=0.0pt
* \headheight=0.0pt
* \headsep=0.0pt
* \topskip=11.0pt
* \footskip=56.0pt
* \marginparwidth=0.0pt
* \marginparsep=0.0pt
* \columnsep=10.0pt
* \skip\footins=10.0pt plus 4.0pt minus 2.0pt
* \hoffset=0.0pt
* \voffset=0.0pt
* \mag=1000
* \@twocolumnfalse
* \@twosidefalse
* \@mparswitchfalse
* \@reversemarginfalse
* (1in=72.27pt=25.4mm, 1cm=28.453pt)

(c:/texlive/2022/texmf-dist/tex/context/base/mkii/supp-pdf.mkii
[Loading MPS to PDF converter (version 2006.09.02).]
\scratchcounter=\count339
\scratchdimen=\dimen193
\scratchbox=\box105
\nofMPsegments=\count340
\nofMParguments=\count341
\everyMPshowfont=\toks39
\MPscratchCnt=\count342
\MPscratchDim=\dimen194
\MPnumerator=\count343
\makeMPintoPDFobject=\count344
\everyMPtoPDFconversion=\toks40
) (c:/texlive/2022/texmf-dist/tex/latex/epstopdf-pkg/epstopdf-base.sty
Package: epstopdf-base 2020-01-24 v2.11 Base part for package epstopdf
Package epstopdf-base Info: Redefining graphics rule for `.eps' on input line 4
85.

(c:/texlive/2022/texmf-dist/tex/latex/latexconfig/epstopdf-sys.cfg
File: epstopdf-sys.cfg 2010/07/13 v1.3 Configuration of (r)epstopdf for TeX Liv
e
))
Package caption Info: Begin \AtBeginDocument code.
Package caption Info: hyperref package is loaded.
Package caption Info: listings package is loaded.
Package caption Info: End \AtBeginDocument code.
Package hyperref Info: Link coloring ON on input line 90.

(./gshs_thesis.out) (./gshs_thesis.out)
\@outlinefile=\write3
\openout3 = `gshs_thesis.out'.

\c@lstlisting=\count345
LaTeX Font Info:    Font shape `LUC/nanummj/b/n' in size <20.74> not available
(Font)              Font shape `LUC/nanummj/bx/n' tried instead on input line 9
3.
LaTeX Font Info:    Trying to load font information for OT1+ztmcm on input line
 93.

(c:/texlive/2022/texmf-dist/tex/latex/psnfss/ot1ztmcm.fd
File: ot1ztmcm.fd 2000/01/03 Fontinst v1.801 font definitions for OT1/ztmcm.
)
LaTeX Font Info:    Trying to load font information for OML+ztmcm on input line
 93.

(c:/texlive/2022/texmf-dist/tex/latex/psnfss/omlztmcm.fd
File: omlztmcm.fd 2000/01/03 Fontinst v1.801 font definitions for OML/ztmcm.
)
LaTeX Font Info:    Trying to load font information for OMS+ztmcm on input line
 93.

(c:/texlive/2022/texmf-dist/tex/latex/psnfss/omsztmcm.fd
File: omsztmcm.fd 2000/01/03 Fontinst v1.801 font definitions for OMS/ztmcm.
)
LaTeX Font Info:    Trying to load font information for OMX+ztmcm on input line
 93.

(c:/texlive/2022/texmf-dist/tex/latex/psnfss/omxztmcm.fd
File: omxztmcm.fd 2000/01/03 Fontinst v1.801 font definitions for OMX/ztmcm.
)
LaTeX Font Info:    Trying to load font information for OT1+ptm on input line 9
3.

(c:/texlive/2022/texmf-dist/tex/latex/psnfss/ot1ptm.fd
File: ot1ptm.fd 2001/06/04 font definitions for OT1/ptm.
)
LaTeX Font Info:    Font shape `OT1/ptm/bx/n' in size <10.95> not available
(Font)              Font shape `OT1/ptm/b/n' tried instead on input line 93.
LaTeX Font Info:    Font shape `OT1/ptm/bx/n' in size <8> not available
(Font)              Font shape `OT1/ptm/b/n' tried instead on input line 93.
LaTeX Font Info:    Font shape `OT1/ptm/bx/n' in size <6> not available
(Font)              Font shape `OT1/ptm/b/n' tried instead on input line 93.
LaTeX Font Info:    Font shape `LUC/nanummj/b/n' in size <17.28> not available
(Font)              Font shape `LUC/nanummj/bx/n' tried instead on input line 9
3.
LaTeX Font Info:    Trying to load font information for LUC+uhcmj on input line
 93.

(c:/texlive/2022/texmf-dist/tex/latex/kotex-utf/lucuhcmj.fd
File: lucuhcmj.fd 2013/09/26 UHC Myeongjo font definitions
)

LaTeX Font Warning: Font shape `LUC/uhcmj/b/n' undefined
(Font)              using `LUC/uhcmj/m/n' instead on input line 93.

[1

{c:/texlive/2022/texmf-var/fonts/map/pdftex/updmap/pdftex.map}] [2]
LaTeX Font Info:    Font shape `OT1/ptm/bx/n' in size <14.4> not available
(Font)              Font shape `OT1/ptm/b/n' tried instead on input line 93.
LaTeX Font Info:    Trying to load font information for TS1+ptm on input line 9
3.

(c:/texlive/2022/texmf-dist/tex/latex/psnfss/ts1ptm.fd
File: ts1ptm.fd 2001/06/04 font definitions for TS1/ptm.
)
LaTeX Font Info:    Font shape `OT1/ptm/bx/n' in size <10> not available
(Font)              Font shape `OT1/ptm/b/n' tried instead on input line 93.
LaTeX Font Info:    Font shape `OT1/ptm/bx/n' in size <7.4> not available
(Font)              Font shape `OT1/ptm/b/n' tried instead on input line 93.
 [3] [4]
pdfTeX warning (ext4): destination with the same identifier (name{page.i}) has 
been already used, duplicate ignored
<to be read again> 
                   \relax 
l.99 \end{abstracts}
                     [1]
pdfTeX warning (ext4): destination with the same identifier (name{page.ii}) has
 been already used, duplicate ignored
<to be read again> 
                   \relax 
l.99 \end{abstracts}
                     [2]
pdfTeX warning (ext4): destination with the same identifier (name{page.iii}) ha
s been already used, duplicate ignored
<to be read again> 
                   \relax 
l.105 \end{abstractskor}
                         [3] (./gshs_thesis.toc
LaTeX Font Info:    Font shape `LUC/nanummj/b/n' in size <10.95> not available
(Font)              Font shape `LUC/nanummj/bx/n' tried instead on input line 3
.

pdfTeX warning (ext4): destination with the same identifier (name{page.iv}) has
 been already used, duplicate ignored
<to be read again> 
                   \relax 
l.25 ...II.2.3}Algorithm}{25}{subsubsection.2.2.3}
                                                  % [4

])
\tf@toc=\write4
\openout4 = `gshs_thesis.toc'.

 [5] (./gshs_thesis.lof)
\tf@lof=\write5
\openout5 = `gshs_thesis.lof'.

 [6




] [1


]
<image/BC_model.png, id=375, 455.7025pt x 189.70876pt>
File: image/BC_model.png Graphic file (type png)
<use image/BC_model.png>
Package pdftex.def Info: image/BC_model.png  used on input line 137.
(pdftex.def)             Requested size: 165.02345pt x 68.70035pt.
<image/BC.png, id=377, 251.7405pt x 178.266pt>
File: image/BC.png Graphic file (type png)
<use image/BC.png>
Package pdftex.def Info: image/BC.png  used on input line 156.
(pdftex.def)             Requested size: 185.65297pt x 131.46866pt.
<image/BS.png, id=379, 608.87476pt x 349.90726pt>
File: image/BS.png Graphic file (type png)
<use image/BS.png>
Package pdftex.def Info: image/BS.png  used on input line 162.
(pdftex.def)             Requested size: 185.65297pt x 106.69218pt.


LaTeX Warning: `h' float specifier changed to `ht'.


Overfull \hbox (3.2305pt too wide) in paragraph at lines 168--169
[]\T1/ptm/b/n/10.95 Defintion I.3. []$[]$\LUC/nanummj/bx/n/10.95 ( \LUC/nanummj
/bx/n/10.95 ^^@\LUC/nanummj/bx/n/10.95 ^^Q\LUC/nanummj/bx/n/10.95 X \LUC/nanumm
j/bx/n/10.95  \LUC/nanummj/bx/n/10.95 À\LUC/nanummj/bx/n/10.95 ´ \LUC/nanummj/b
x/n/10.95 ä\LUC/nanummj/bx/n/10.95 m\LUC/nanummj/bx/n/10.95 Ý\T1/ptm/b/n/10.95 
(weighted Bézier poly-no-mial)\LUC/nanummj/m/n/10.95/c7 @ $\OML/ztmcm/m/it/10.9
5 n \OT1/ztmcm/m/n/10.95 + 1$\LUC/nanummj/m/n/10.95/ac ^^\\LUC/nanummj/m/n/10.9
5/c7 X \LUC/nanummj/m/n/10.95/c8 ^^P $\OT1/ptm/b/n/10.95 P[]\OML/ztmcm/m/it/10.
95 ; \OT1/ptm/b/n/10.95 P[]\OML/ztmcm/m/it/10.95 ; [] 
 []

[2 <./image/BC_model.png (PNG copy)>]
Overfull \hbox (8.98907pt too wide) in paragraph at lines 181--182
[]\T1/ptm/b/n/10.95 Defintion I.4. []$\OT1/ztmcm/m/n/10.95 (\OML/ztmcm/m/it/10.
95 n \OT1/ztmcm/m/n/10.95 + 1)(\OML/ztmcm/m/it/10.95 m \OT1/ztmcm/m/n/10.95 + 1
)$\LUC/nanummj/m/n/10.95/ac ^^\\LUC/nanummj/m/n/10.95/c7 X \LUC/nanummj/m/n/10.
95/c8 ^^P $\OT1/ptm/b/n/10.95 b[] \OML/ztmcm/m/it/10.95 ; \OT1/ztmcm/m/n/10.95 
(\OML/ztmcm/m/it/10.95 n \OT1/ztmcm/m/n/10.95 + 1)(\OML/ztmcm/m/it/10.95 m \OT1
/ztmcm/m/n/10.95 + 1)$\LUC/nanummj/m/n/10.95/ac ^^\\LUC/nanummj/m/n/10.95/c7 X 
\LUC/nanummj/m/n/10.95/c0 ÉÁ\LUC/nanummj/m/n/10.95/bc ¡\LUC/nanummj/m/n/10.95/d
1 0 $\OT1/ptm/b/n/10.95 q[] \OT1/ztmcm/m/n/10.95 (\OML/ztmcm/m/it/10.95 i \OT1/
ztmcm/m/n/10.95 = 0\OML/ztmcm/m/it/10.95 ; \OT1/ztmcm/m/n/10.95 1\OML/ztmcm/m/i
t/10.95 ; []  ; n [] j \OT1/ztmcm/m/n/10.95 =
 []

[3 <./image/BC.png> <./image/BS.png>]
<image/WBC.png, id=410, 299.31825pt x 236.082pt>
File: image/WBC.png Graphic file (type png)
<use image/WBC.png>
Package pdftex.def Info: image/WBC.png  used on input line 197.
(pdftex.def)             Requested size: 185.65297pt x 146.43056pt.
<image/WBS.png, id=411, 418.56375pt x 341.47575pt>
File: image/WBS.png Graphic file (type png)
<use image/WBS.png>
Package pdftex.def Info: image/WBS.png  used on input line 203.
(pdftex.def)             Requested size: 185.65297pt x 151.45862pt.
 [4 <./image/WBC.png> <./image/WBS.png>]
[5]
LaTeX Font Info:    Font shape `LUC/nanummj/m/it' in size <10.95> not available

(Font)              Font shape `LUC/nanummj/m/sl' tried instead on input line 2
47.
 [6]
LaTeX Font Info:    Trying to load font information for T1+cmtt on input line 2
76.
 (c:/texlive/2022/texmf-dist/tex/latex/base/t1cmtt.fd
File: t1cmtt.fd 2019/12/16 v2.5j Standard LaTeX font definitions
) [7]
LaTeX Font Info:    Font shape `LUC/nanummj/b/n' in size <16> not available
(Font)              Font shape `LUC/nanummj/bx/n' tried instead on input line 3
04.
 [8] [9]
<image/piece.png, id=494, 416.55624pt x 189.70876pt>
File: image/piece.png Graphic file (type png)
<use image/piece.png>
Package pdftex.def Info: image/piece.png  used on input line 329.
(pdftex.def)             Requested size: 206.28247pt x 93.94519pt.

[10 <./image/piece.png (PNG copy)>] [11]
<image/BCmiddle.png, id=516, 287.0725pt x 227.85126pt>
File: image/BCmiddle.png Graphic file (type png)
<use image/BCmiddle.png>
Package pdftex.def Info: image/BCmiddle.png  used on input line 367.
(pdftex.def)             Requested size: 206.28247pt x 163.73291pt.
 [12 <./image/BCmiddle.png (PNG copy)>]
<image/arcpiece1.png, id=521, 252.945pt x 151.56625pt>
File: image/arcpiece1.png Graphic file (type png)
<use image/arcpiece1.png>
Package pdftex.def Info: image/arcpiece1.png  used on input line 387.
(pdftex.def)             Requested size: 165.02345pt x 98.8846pt.
LaTeX Font Info:    Font shape `OT1/ptm/bx/n' in size <9> not available
(Font)              Font shape `OT1/ptm/b/n' tried instead on input line 388.
LaTeX Font Info:    Font shape `OT1/ptm/bx/n' in size <7> not available
(Font)              Font shape `OT1/ptm/b/n' tried instead on input line 388.
<image/arcpiece2.png, id=522, 252.945pt x 151.56625pt>
File: image/arcpiece2.png Graphic file (type png)
<use image/arcpiece2.png>
Package pdftex.def Info: image/arcpiece2.png  used on input line 391.
(pdftex.def)             Requested size: 165.02345pt x 98.8846pt.
<image/BCmiddlepoint.png, id=523, 473.77pt x 189.70876pt>
File: image/BCmiddlepoint.png Graphic file (type png)
<use image/BCmiddlepoint.png>
Package pdftex.def Info: image/BCmiddlepoint.png  used on input line 418.
(pdftex.def)             Requested size: 371.30594pt x 148.68433pt.
<image/BCstep1.png, id=524, 128.48pt x 227.85126pt>
File: image/BCstep1.png Graphic file (type png)
<use image/BCstep1.png>
Package pdftex.def Info: image/BCstep1.png  used on input line 426.
(pdftex.def)             Requested size: 82.51172pt x 146.3319pt.
<image/BCstep2.png, id=525, 77.088pt x 136.71075pt>
File: image/BCstep2.png Graphic file (type png)
<use image/BCstep2.png>
Package pdftex.def Info: image/BCstep2.png  used on input line 430.
(pdftex.def)             Requested size: 82.51172pt x 146.33119pt.
<image/BCstep3.png, id=526, 77.088pt x 136.71075pt>
File: image/BCstep3.png Graphic file (type png)
<use image/BCstep3.png>
Package pdftex.def Info: image/BCstep3.png  used on input line 434.
(pdftex.def)             Requested size: 82.51172pt x 146.33119pt.
<image/BCstep4.png, id=527, 77.088pt x 136.71075pt>
File: image/BCstep4.png Graphic file (type png)
<use image/BCstep4.png>
Package pdftex.def Info: image/BCstep4.png  used on input line 438.
(pdftex.def)             Requested size: 82.51172pt x 146.33119pt.
<image/BCerror.png, id=528, 379.4175pt x 227.85126pt>
File: image/BCerror.png Graphic file (type png)
<use image/BCerror.png>
Package pdftex.def Info: image/BCerror.png  used on input line 447.
(pdftex.def)             Requested size: 165.02345pt x 99.10405pt.

LaTeX Warning: `h' float specifier changed to `ht'.


LaTeX Warning: `h' float specifier changed to `ht'.


LaTeX Warning: `h' float specifier changed to `ht'.

[13 <./image/arcpiece1.png (PNG copy)> <./image/arcpiece2.png (PNG copy)>]
<image/BCcase1.png, id=542, 360.74776pt x 354.72525pt>
File: image/BCcase1.png Graphic file (type png)
<use image/BCcase1.png>
Package pdftex.def Info: image/BCcase1.png  used on input line 464.
(pdftex.def)             Requested size: 165.02345pt x 162.27167pt.
<image/BCcase2.png, id=543, 356.532pt x 352.9185pt>
File: image/BCcase2.png Graphic file (type png)
<use image/BCcase2.png>
Package pdftex.def Info: image/BCcase2.png  used on input line 468.
(pdftex.def)             Requested size: 165.02345pt x 163.35687pt.


LaTeX Warning: `h' float specifier changed to `ht'.

[14 <./image/BCmiddlepoint.png (PNG copy)>] [15 <./image/BCstep1.png (PNG copy)
> <./image/BCstep2.png> <./image/BCstep3.png> <./image/BCstep4.png> <./image/BC
error.png (PNG copy)>] [16 <./image/BCcase1.png> <./image/BCcase2.png>]
[17]
<image/BCproof1.png, id=583, 455.7025pt x 227.85126pt>
File: image/BCproof1.png Graphic file (type png)
<use image/BCproof1.png>
Package pdftex.def Info: image/BCproof1.png  used on input line 576.
(pdftex.def)             Requested size: 288.7942pt x 144.39883pt.


LaTeX Warning: `h' float specifier changed to `ht'.

[18] [19 <./image/BCproof1.png (PNG copy)>] [20] [21]
Underfull \hbox (badness 10000) in paragraph at lines 656--658

 []

<image/22BS.png, id=616, 640.19176pt x 379.4175pt>
File: image/22BS.png Graphic file (type png)
<use image/22BS.png>
Package pdftex.def Info: image/22BS.png  used on input line 666.
(pdftex.def)             Requested size: 330.05322pt x 195.60771pt.
[22] [23 <./image/22BS.png>]
<image/leastSquare.jpg, id=631, 1284.8pt x 616.3025pt>
File: image/leastSquare.jpg Graphic file (type jpg)
<use image/leastSquare.jpg>
Package pdftex.def Info: image/leastSquare.jpg  used on input line 702.
(pdftex.def)             Requested size: 412.56496pt x 197.89792pt.
<image/subdivision1.png, id=632, 440.847pt x 366.168pt>
File: image/subdivision1.png Graphic file (type png)
<use image/subdivision1.png>
Package pdftex.def Info: image/subdivision1.png  used on input line 713.
(pdftex.def)             Requested size: 123.77074pt x 102.80011pt.
<image/subdivision2.png, id=633, 425.79076pt x 367.3725pt>
File: image/subdivision2.png Graphic file (type png)
<use image/subdivision2.png>
Package pdftex.def Info: image/subdivision2.png  used on input line 717.
(pdftex.def)             Requested size: 123.77074pt x 106.78754pt.
<image/subdivision3.png, id=634, 481.8pt x 364.36125pt>
File: image/subdivision3.png Graphic file (type png)
<use image/subdivision3.png>
Package pdftex.def Info: image/subdivision3.png  used on input line 721.
(pdftex.def)             Requested size: 123.77074pt x 93.5975pt.
 [24 <./image/leastSquare.jpg>]
<image/approx1.png, id=645, 274.02374pt x 341.47575pt>
File: image/approx1.png Graphic file (type png)
<use image/approx1.png>
Package pdftex.def Info: image/approx1.png  used on input line 737.
(pdftex.def)             Requested size: 144.40024pt x 179.9496pt.
<image/approx2.png, id=646, 272.217pt x 325.215pt>
File: image/approx2.png Graphic file (type png)
<use image/approx2.png>
Package pdftex.def Info: image/approx2.png  used on input line 741.
(pdftex.def)             Requested size: 144.40024pt x 172.52191pt.
 [25 <./image/subdivision1.png> <./image/subdivision2.png> <./image/subdivision
3.png>] [26 <./image/approx1.png> <./image/approx2.png>] [27]
Underfull \hbox (badness 10000) in paragraph at lines 788--789

 []

File: image/leastSquare.jpg Graphic file (type jpg)
<use image/leastSquare.jpg>
Package pdftex.def Info: image/leastSquare.jpg  used on input line 792.
(pdftex.def)             Requested size: 412.56496pt x 197.89792pt.
<image/approx3.png, id=675, 396.88275pt x 394.47375pt>
File: image/approx3.png Graphic file (type png)
<use image/approx3.png>
Package pdftex.def Info: image/approx3.png  used on input line 800.
(pdftex.def)             Requested size: 82.51172pt x 82.01128pt.
<image/approx4.png, id=676, 311.36325pt x 338.4645pt>
File: image/approx4.png Graphic file (type png)
<use image/approx4.png>
Package pdftex.def Info: image/approx4.png  used on input line 803.
(pdftex.def)             Requested size: 82.51172pt x 89.69266pt.

LaTeX Warning: `h' float specifier changed to `ht'.

<image/gg.png, id=677, 652.23676pt x 469.755pt>
File: image/gg.png Graphic file (type png)
<use image/gg.png>
Package pdftex.def Info: image/gg.png  used on input line 812.
(pdftex.def)             Requested size: 412.56496pt x 297.14426pt.

LaTeX Warning: `h' float specifier changed to `ht'.

[28] [29 <./image/approx3.png> <./image/approx4.png>] [30 <./image/gg.png>]
[31]
Underfull \hbox (badness 10000) in paragraph at lines 873--874

 []

[32]
Overfull \hbox (2.48656pt too wide) in paragraph at lines 880--881
[]\T1/ptm/b/n/10.95 Defintion II.10. []\T1/ptm/m/n/10.95 2D\LUC/nanummj/m/n/10.
95/ad ø\LUC/nanummj/m/n/10.95/b9 ¼\LUC/nanummj/m/n/10.95/c5 Ð\LUC/nanummj/m/n/1
0.95/c1 ^^\ $\OT1/ztmcm/m/n/10.95 (\OML/ztmcm/m/it/10.95 x; y\OT1/ztmcm/m/n/10.
95 )$\LUC/nanummj/m/n/10.95/c7 ^^D\LUC/nanummj/m/n/10.95/ce X\LUC/nanummj/m/n/1
0.95/c5 Ð \LUC/nanummj/m/n/10.95/b3 ^^@\LUC/nanummj/m/n/10.95/c7 Q\LUC/nanummj/
m/n/10.95/b4 ^^X\LUC/nanummj/m/n/10.95/b2 ” \T1/ptm/m/n/10.95 R,G,B\LUC/nanummj
/m/n/10.95/ac ^^R\LUC/nanummj/m/n/10.95/c7 D \LUC/nanummj/m/n/10.95/ac ^^A^^A $
\OML/ztmcm/m/it/10.95 a; b; c$\LUC/nanummj/m/n/10.95/b7 |\LUC/nanummj/m/n/10.95
/ac à \LUC/nanummj/m/n/10.95/d5 `\LUC/nanummj/m/n/10.95/b5 L $\OML/ztmcm/m/it/1
0.95 f[]; f[]; f[]$
 []

<image/RGB2Ddivision.png, id=714, 708.246pt x 497.4585pt>
File: image/RGB2Ddivision.png Graphic file (type png)
<use image/RGB2Ddivision.png>
Package pdftex.def Info: image/RGB2Ddivision.png  used on input line 899.
(pdftex.def)             Requested size: 206.28247pt x 144.88928pt.

LaTeX Warning: `h' float specifier changed to `ht'.

[33] [34 <./image/RGB2Ddivision.png>]
Underfull \hbox (badness 10000) in paragraph at lines 932--933

 []

[35]
Overfull \hbox (1.80225pt too wide) in paragraph at lines 937--938
\LUC/nanummj/m/n/10.95/c8 ^^U\LUC/nanummj/m/n/10.95/c7 X\LUC/nanummj/m/n/10.95/
d5 X\LUC/nanummj/m/n/10.95/ac à\T1/ptm/m/n/10.95 , \LUC/nanummj/m/n/10.95/b1 $ 
\LUC/nanummj/m/n/10.95/c9 Á\LUC/nanummj/m/n/10.95/c1   $\OML/ztmcm/m/it/10.95 `
[];  `[];  `[];  `[]$\LUC/nanummj/m/n/10.95/ac ü \T1/ptm/m/n/10.95 R\LUC/nanumm
j/m/n/10.95/d5 h\LUC/nanummj/m/n/10.95/c2 ^^X\LUC/nanummj/m/n/10.95/c6 @\LUC/na
nummj/m/n/10.95/c7 X \LUC/nanummj/m/n/10.95/ad P\LUC/nanummj/m/n/10.95/c8 ^^P\L
UC/nanummj/m/n/10.95/c7 D \LUC/nanummj/m/n/10.95/cc >\LUC/nanummj/m/n/10.95/c5 
D \LUC/nanummj/m/n/10.95/ac ^^A^^A $\OT1/ptm/b/n/10.95 b[]\OML/ztmcm/m/it/10.95
 ; \OT1/ptm/b/n/10.95 b[]\OML/ztmcm/m/it/10.95 ; \OT1/ptm/b/n/10.95 b[]\OML/ztm
cm/m/it/10.95 ; \OT1/ptm/b/n/10.95 b[]$
 []

[36] [37]
Overfull \hbox (4.53076pt too wide) in paragraph at lines 1009--1010
[]\LUC/nanummj/m/n/10.95/c5 ì\LUC/nanummj/m/n/10.95/ae 0\LUC/nanummj/m/n/10.95/
c1 ^^\ $\OML/ztmcm/m/it/10.95 f[]$\LUC/nanummj/m/n/10.95/c7 @ \T1/ptm/m/n/10.95
 2\LUC/nanummj/m/n/10.95/ac ^^\\LUC/nanummj/m/n/10.95/c7 X \LUC/nanummj/m/n/10.
95/b3 Å\LUC/nanummj/m/n/10.95/b9 ½\LUC/nanummj/m/n/10.95/bc À\LUC/nanummj/m/n/1
0.95/c2 ^^X \T1/ptm/m/n/10.95 (x,y)\LUC/nanummj/m/n/10.95/c5 Ð\LUC/nanummj/m/n/
10.95/c1 ^^\ \T1/ptm/m/n/10.95 R\LUC/nanummj/m/n/10.95/c7 X \LUC/nanummj/m/n/10
.95/c0 É\LUC/nanummj/m/n/10.95/ae T\LUC/nanummj/m/n/10.95/c7 D \LUC/nanummj/m/n
/10.95/bc ^^X\LUC/nanummj/m/n/10.95/d6 X\LUC/nanummj/m/n/10.95/d5 X\LUC/nanummj
/m/n/10.95/b2 ” \LUC/nanummj/m/n/10.95/d5 h\LUC/nanummj/m/n/10.95/c2 ^^X\LUC/na
nummj/m/n/10.95/c7 t\LUC/nanummj/m/n/10.95/bb À\LUC/nanummj/m/n/10.95/b8 \ $\OT
1/ptm/b/n/10.95 f [] [] \OT1/ztmcm/m/n/10.95 [0\OML/ztmcm/m/it/10.95 ; a\OT1/zt
mcm/m/n/10.95 ] \OMS/ztmcm/m/n/10.95 ^^B \OT1/ztmcm/m/n/10.95 [0\OML/ztmcm/m/it
/10.95 ; b\OT1/ztmcm/m/n/10.95 ] \OMS/ztmcm/m/n/10.95 !
 []

[38] [39] [40] [41] [42]
Underfull \hbox (badness 10000) in paragraph at lines 1090--1092

 []

File: image/subdivision1.png Graphic file (type png)
<use image/subdivision1.png>
Package pdftex.def Info: image/subdivision1.png  used on input line 1100.
(pdftex.def)             Requested size: 123.77074pt x 102.80011pt.
File: image/subdivision2.png Graphic file (type png)
<use image/subdivision2.png>
Package pdftex.def Info: image/subdivision2.png  used on input line 1104.
(pdftex.def)             Requested size: 123.77074pt x 106.78754pt.
File: image/subdivision3.png Graphic file (type png)
<use image/subdivision3.png>
Package pdftex.def Info: image/subdivision3.png  used on input line 1108.
(pdftex.def)             Requested size: 123.77074pt x 93.5975pt.
[43] [44] [45] [46] [47] [48]
<image/BCmovement.png, id=824, 420.97275pt x 419.166pt>
File: image/BCmovement.png Graphic file (type png)
<use image/BCmovement.png>
Package pdftex.def Info: image/BCmovement.png  used on input line 1214.
(pdftex.def)             Requested size: 165.02345pt x 164.31195pt.
 [49 <./image/BCmovement.png>]
<image/lambert3.png, id=830, 709.4505pt x 278.2395pt>
File: image/lambert3.png Graphic file (type png)
<use image/lambert3.png>
Package pdftex.def Info: image/lambert3.png  used on input line 1228.
(pdftex.def)             Requested size: 371.30594pt x 145.62364pt.

Missing character: There is no ¬ in font zptmcm7t!
Missing character: There is no Ä in font zptmcm7t!
Missing character: There is no ¬ in font zptmcm7t!
Missing character: There is no Ä in font zptmcm7t!
[50 <./image/lambert3.png>]
Missing character: There is no • in font zptmcm7t!
Missing character: There is no ¡ in font zptmcm7t!
Missing character: There is no • in font zptmcm7t!
Missing character: There is no ¡ in font zptmcm7t!

Overfull \hbox (11.81287pt too wide) in paragraph at lines 1274--1274
[]\T1/cmtt/m/n/10.95 line3D_RGB(float x,float y,float z,float w,float m,float n
,float R,float G,[] 
 []


Overfull \hbox (0.49612pt too wide) in paragraph at lines 1277--1277
[]\T1/cmtt/m/n/10.95 Bezier2D(float x0,float y0,float x1,float y1,float x2,floa
t y2,float num)[] 
 []

[51]
Overfull \hbox (0.49612pt too wide) in paragraph at lines 1281--1281
[]\T1/cmtt/m/n/10.95 ,float x2,float y2,float z2,float x3,float y3,float z3,flo
at x4,float y4,[] 
 []


Overfull \hbox (23.12961pt too wide) in paragraph at lines 1283--1283
[]\T1/cmtt/m/n/10.95 Bezier_move2D(float x0,float y0,float x1,float y1,float x2
,float y2,float x3,[] 
 []


Overfull \hbox (23.12961pt too wide) in paragraph at lines 1285--1285
[]\T1/cmtt/m/n/10.95 Bezier_move3D(float x0,float y0,float z0,float x1,float y1
,float z1,float x2,[] 
 []


Overfull \hbox (11.81287pt too wide) in paragraph at lines 1288--1288
[]\T1/cmtt/m/n/10.95 Bezier_move_change3D(float x0,float y0,float z0,float x1,f
loat y1,float z1,[] 
 []


Overfull \hbox (17.47124pt too wide) in paragraph at lines 1290--1290
[]\T1/cmtt/m/n/10.95 float z4,float x5,float y5,float z5,float k,float R,float 
G,float B,float m)[] 
 []


Overfull \hbox (23.12961pt too wide) in paragraph at lines 1296--1296
[]\T1/cmtt/m/n/10.95 Housedorf(float r,float start,float last,float x0,float y0
,float x1,float y1,[] 
 []

[52] (c:/texlive/2022/texmf-dist/tex/latex/listings/lstlang1.sty
File: lstlang1.sty 2020/03/24 1.8d listings language file
)
Package hyperref Info: bookmark level for unknown lstlisting defaults to 0 on i
nput line 1303.


LaTeX Font Warning: Font shape `T1/cmtt/m/n' in size <3> not available
(Font)              size <5> substituted on input line 1303.

(./curve_approximation/curve_approximation.pde
Overfull \hbox (20.54266pt too wide) in paragraph at lines 19--20
[][] 
 []


Overfull \hbox (20.54266pt too wide) in paragraph at lines 20--21
[][] 
 []


Overfull \hbox (20.54266pt too wide) in paragraph at lines 29--30
[][] 
 []


Overfull \hbox (20.54266pt too wide) in paragraph at lines 30--31
[][] 
 []

[53]) [54]
(./sketch_3D_model_approximation_program/sketch_3D_model_approximation_program.
pde [55

] [56] [57] [58] [59] [60] [61] [62] [63] [64] [65] [66] [67] [68]
[69] [70] [71]) [72] [73] [74

] [75] [76] [77] (./gshs_thesis.aux)

LaTeX Font Warning: Size substitutions with differences
(Font)              up to 2.0pt have occurred.


LaTeX Font Warning: Some font shapes were not available, defaults substituted.

Package rerunfilecheck Info: File `gshs_thesis.out' has not changed.
(rerunfilecheck)             Checksum: DD06D5445FA5EA4C4BC6BB01CF1CF2FC;5992.
 ) 
Here is how much of TeX's memory you used:
 23827 strings out of 477678
 385246 string characters out of 5833467
 3084337 words of memory out of 5000000
 39692 multiletter control sequences out of 15000+600000
 685384 words of font info for 490 fonts, out of 8000000 for 9000
 1141 hyphenation exceptions out of 8191
 72i,22n,77p,2747b,2778s stack positions out of 10000i,1000n,20000p,200000b,200000s
{c:/texlive/2022/texmf-dist/fonts/enc/dvips/cm-super/cm-super-t1.enc}{c:/texl
ive/2022/texmf-dist/fonts/enc/dvips/base/8r.enc}<c:/texlive/2022/texmf-dist/fon
ts/type1/public/amsfonts/cm/cmex10.pfb><c:/texlive/2022/texmf-dist/fonts/type1/
public/amsfonts/cm/cmmi10.pfb><c:/texlive/2022/texmf-dist/fonts/type1/public/am
sfonts/cm/cmr10.pfb><c:/texlive/2022/texmf-dist/fonts/type1/public/amsfonts/cm/
cmsy10.pfb><c:/texlive/2022/texmf-dist/fonts/type1/public/amsfonts/euler/eufm10
.pfb><c:/texlive/2022/texmf-dist/fonts/type1/public/amsfonts/symbols/msam10.pfb
><c:/texlive/2022/texmf-dist/fonts/type1/public/amsfonts/symbols/msbm10.pfb><c:
/texlive/2022/texmf-dist/fonts/type1/public/nanumtype1/nanummjbac.pfb><c:/texli
ve/2022/texmf-dist/fonts/type1/public/nanumtype1/nanummjbad.pfb><c:/texlive/202
2/texmf-dist/fonts/type1/public/nanumtype1/nanummjbae.pfb><c:/texlive/2022/texm
f-dist/fonts/type1/public/nanumtype1/nanummjbb0.pfb><c:/texlive/2022/texmf-dist
/fonts/type1/public/nanumtype1/nanummjbb2.pfb><c:/texlive/2022/texmf-dist/fonts
/type1/public/nanumtype1/nanummjbb3.pfb><c:/texlive/2022/texmf-dist/fonts/type1
/public/nanumtype1/nanummjbb4.pfb><c:/texlive/2022/texmf-dist/fonts/type1/publi
c/nanumtype1/nanummjbb7.pfb><c:/texlive/2022/texmf-dist/fonts/type1/public/nanu
mtype1/nanummjbb8.pfb><c:/texlive/2022/texmf-dist/fonts/type1/public/nanumtype1
/nanummjbb9.pfb><c:/texlive/2022/texmf-dist/fonts/type1/public/nanumtype1/nanum
mjbba.pfb><c:/texlive/2022/texmf-dist/fonts/type1/public/nanumtype1/nanummjbbb.
pfb><c:/texlive/2022/texmf-dist/fonts/type1/public/nanumtype1/nanummjbbc.pfb><c
:/texlive/2022/texmf-dist/fonts/type1/public/nanumtype1/nanummjbbd.pfb><c:/texl
ive/2022/texmf-dist/fonts/type1/public/nanumtype1/nanummjbbe.pfb><c:/texlive/20
22/texmf-dist/fonts/type1/public/nanumtype1/nanummjbc0.pfb><c:/texlive/2022/tex
mf-dist/fonts/type1/public/nanumtype1/nanummjbc1.pfb><c:/texlive/2022/texmf-dis
t/fonts/type1/public/nanumtype1/nanummjbc2.pfb><c:/texlive/2022/texmf-dist/font
s/type1/public/nanumtype1/nanummjbc5.pfb><c:/texlive/2022/texmf-dist/fonts/type
1/public/nanumtype1/nanummjbc6.pfb><c:/texlive/2022/texmf-dist/fonts/type1/publ
ic/nanumtype1/nanummjbc7.pfb><c:/texlive/2022/texmf-dist/fonts/type1/public/nan
umtype1/nanummjbc8.pfb><c:/texlive/2022/texmf-dist/fonts/type1/public/nanumtype
1/nanummjbc9.pfb><c:/texlive/2022/texmf-dist/fonts/type1/public/nanumtype1/nanu
mmjbcc.pfb><c:/texlive/2022/texmf-dist/fonts/type1/public/nanumtype1/nanummjbcd
.pfb><c:/texlive/2022/texmf-dist/fonts/type1/public/nanumtype1/nanummjbce.pfb><
c:/texlive/2022/texmf-dist/fonts/type1/public/nanumtype1/nanummjbcf.pfb><c:/tex
live/2022/texmf-dist/fonts/type1/public/nanumtype1/nanummjbd1.pfb><c:/texlive/2
022/texmf-dist/fonts/type1/public/nanumtype1/nanummjbd2.pfb><c:/texlive/2022/te
xmf-dist/fonts/type1/public/nanumtype1/nanummjbd3.pfb><c:/texlive/2022/texmf-di
st/fonts/type1/public/nanumtype1/nanummjbd5.pfb><c:/texlive/2022/texmf-dist/fon
ts/type1/public/nanumtype1/nanummjbd6.pfb><c:/texlive/2022/texmf-dist/fonts/typ
e1/public/nanumtype1/nanummjmac.pfb><c:/texlive/2022/texmf-dist/fonts/type1/pub
lic/nanumtype1/nanummjmac.pfb><c:/texlive/2022/texmf-dist/fonts/type1/public/na
numtype1/nanummjmad.pfb><c:/texlive/2022/texmf-dist/fonts/type1/public/nanumtyp
e1/nanummjmad.pfb><c:/texlive/2022/texmf-dist/fonts/type1/public/nanumtype1/nan
ummjmae.pfb><c:/texlive/2022/texmf-dist/fonts/type1/public/nanumtype1/nanummjma
e.pfb><c:/texlive/2022/texmf-dist/fonts/type1/public/nanumtype1/nanummjmaf.pfb>
<c:/texlive/2022/texmf-dist/fonts/type1/public/nanumtype1/nanummjmb0.pfb><c:/te
xlive/2022/texmf-dist/fonts/type1/public/nanumtype1/nanummjmb0.pfb><c:/texlive/
2022/texmf-dist/fonts/type1/public/nanumtype1/nanummjmb1.pfb><c:/texlive/2022/t
exmf-dist/fonts/type1/public/nanumtype1/nanummjmb2.pfb><c:/texlive/2022/texmf-d
ist/fonts/type1/public/nanumtype1/nanummjmb2.pfb><c:/texlive/2022/texmf-dist/fo
nts/type1/public/nanumtype1/nanummjmb3.pfb><c:/texlive/2022/texmf-dist/fonts/ty
pe1/public/nanumtype1/nanummjmb3.pfb><c:/texlive/2022/texmf-dist/fonts/type1/pu
blic/nanumtype1/nanummjmb4.pfb><c:/texlive/2022/texmf-dist/fonts/type1/public/n
anumtype1/nanummjmb4.pfb><c:/texlive/2022/texmf-dist/fonts/type1/public/nanumty
pe1/nanummjmb5.pfb><c:/texlive/2022/texmf-dist/fonts/type1/public/nanumtype1/na
nummjmb5.pfb><c:/texlive/2022/texmf-dist/fonts/type1/public/nanumtype1/nanummjm
b6.pfb><c:/texlive/2022/texmf-dist/fonts/type1/public/nanumtype1/nanummjmb7.pfb
><c:/texlive/2022/texmf-dist/fonts/type1/public/nanumtype1/nanummjmb7.pfb><c:/t
exlive/2022/texmf-dist/fonts/type1/public/nanumtype1/nanummjmb8.pfb><c:/texlive
/2022/texmf-dist/fonts/type1/public/nanumtype1/nanummjmb8.pfb><c:/texlive/2022/
texmf-dist/fonts/type1/public/nanumtype1/nanummjmb9.pfb><c:/texlive/2022/texmf-
dist/fonts/type1/public/nanumtype1/nanummjmb9.pfb><c:/texlive/2022/texmf-dist/f
onts/type1/public/nanumtype1/nanummjmba.pfb><c:/texlive/2022/texmf-dist/fonts/t
ype1/public/nanumtype1/nanummjmba.pfb><c:/texlive/2022/texmf-dist/fonts/type1/p
ublic/nanumtype1/nanummjmbb.pfb><c:/texlive/2022/texmf-dist/fonts/type1/public/
nanumtype1/nanummjmbc.pfb><c:/texlive/2022/texmf-dist/fonts/type1/public/nanumt
ype1/nanummjmbc.pfb><c:/texlive/2022/texmf-dist/fonts/type1/public/nanumtype1/n
anummjmbd.pfb><c:/texlive/2022/texmf-dist/fonts/type1/public/nanumtype1/nanummj
mbd.pfb><c:/texlive/2022/texmf-dist/fonts/type1/public/nanumtype1/nanummjmbe.pf
b><c:/texlive/2022/texmf-dist/fonts/type1/public/nanumtype1/nanummjmbf.pfb><c:/
texlive/2022/texmf-dist/fonts/type1/public/nanumtype1/nanummjmc0.pfb><c:/texliv
e/2022/texmf-dist/fonts/type1/public/nanumtype1/nanummjmc0.pfb><c:/texlive/2022
/texmf-dist/fonts/type1/public/nanumtype1/nanummjmc1.pfb><c:/texlive/2022/texmf
-dist/fonts/type1/public/nanumtype1/nanummjmc1.pfb><c:/texlive/2022/texmf-dist/
fonts/type1/public/nanumtype1/nanummjmc2.pfb><c:/texlive/2022/texmf-dist/fonts/
type1/public/nanumtype1/nanummjmc2.pfb><c:/texlive/2022/texmf-dist/fonts/type1/
public/nanumtype1/nanummjmc3.pfb><c:/texlive/2022/texmf-dist/fonts/type1/public
/nanumtype1/nanummjmc4.pfb><c:/texlive/2022/texmf-dist/fonts/type1/public/nanum
type1/nanummjmc5.pfb><c:/texlive/2022/texmf-dist/fonts/type1/public/nanumtype1/
nanummjmc5.pfb><c:/texlive/2022/texmf-dist/fonts/type1/public/nanumtype1/nanumm
jmc6.pfb><c:/texlive/2022/texmf-dist/fonts/type1/public/nanumtype1/nanummjmc6.p
fb><c:/texlive/2022/texmf-dist/fonts/type1/public/nanumtype1/nanummjmc7.pfb><c:
/texlive/2022/texmf-dist/fonts/type1/public/nanumtype1/nanummjmc7.pfb><c:/texli
ve/2022/texmf-dist/fonts/type1/public/nanumtype1/nanummjmc8.pfb><c:/texlive/202
2/texmf-dist/fonts/type1/public/nanumtype1/nanummjmc8.pfb><c:/texlive/2022/texm
f-dist/fonts/type1/public/nanumtype1/nanummjmc9.pfb><c:/texlive/2022/texmf-dist
/fonts/type1/public/nanumtype1/nanummjmc9.pfb><c:/texlive/2022/texmf-dist/fonts
/type1/public/nanumtype1/nanummjmca.pfb><c:/texlive/2022/texmf-dist/fonts/type1
/public/nanumtype1/nanummjmcc.pfb><c:/texlive/2022/texmf-dist/fonts/type1/publi
c/nanumtype1/nanummjmcc.pfb><c:/texlive/2022/texmf-dist/fonts/type1/public/nanu
mtype1/nanummjmcd.pfb><c:/texlive/2022/texmf-dist/fonts/type1/public/nanumtype1
/nanummjmcd.pfb><c:/texlive/2022/texmf-dist/fonts/type1/public/nanumtype1/nanum
mjmce.pfb><c:/texlive/2022/texmf-dist/fonts/type1/public/nanumtype1/nanummjmcf.
pfb><c:/texlive/2022/texmf-dist/fonts/type1/public/nanumtype1/nanummjmd0.pfb><c
:/texlive/2022/texmf-dist/fonts/type1/public/nanumtype1/nanummjmd1.pfb><c:/texl
ive/2022/texmf-dist/fonts/type1/public/nanumtype1/nanummjmd1.pfb><c:/texlive/20
22/texmf-dist/fonts/type1/public/nanumtype1/nanummjmd2.pfb><c:/texlive/2022/tex
mf-dist/fonts/type1/public/nanumtype1/nanummjmd3.pfb><c:/texlive/2022/texmf-dis
t/fonts/type1/public/nanumtype1/nanummjmd3.pfb><c:/texlive/2022/texmf-dist/font
s/type1/public/nanumtype1/nanummjmd4.pfb><c:/texlive/2022/texmf-dist/fonts/type
1/public/nanumtype1/nanummjmd5.pfb><c:/texlive/2022/texmf-dist/fonts/type1/publ
ic/nanumtype1/nanummjmd5.pfb><c:/texlive/2022/texmf-dist/fonts/type1/public/nan
umtype1/nanummjmd6.pfb><c:/texlive/2022/texmf-dist/fonts/type1/public/nanumtype
1/nanummjmd6.pfb><c:/texlive/2022/texmf-dist/fonts/type1/public/nanumtype1/nanu
mmjmd7.pfb><c:/texlive/2022/texmf-dist/fonts/type1/public/nanumtype1/nanummjmd7
.pfb><c:/texlive/2022/texmf-dist/fonts/type1/public/cm-super/sftt0800.pfb><c:/t
exlive/2022/texmf-dist/fonts/type1/public/cm-super/sftt1095.pfb><c:/texlive/202
2/texmf-dist/fonts/type1/uhc/umj/umj24.pfb><c:/texlive/2022/texmf-dist/fonts/ty
pe1/uhc/umj/umj26.pfb><c:/texlive/2022/texmf-dist/fonts/type1/urw/symbol/usyr.p
fb><c:/texlive/2022/texmf-dist/fonts/type1/urw/symbol/usyr.pfb><c:/texlive/2022
/texmf-dist/fonts/type1/urw/times/utmb8a.pfb><c:/texlive/2022/texmf-dist/fonts/
type1/urw/times/utmbi8a.pfb><c:/texlive/2022/texmf-dist/fonts/type1/urw/times/u
tmr8a.pfb><c:/texlive/2022/texmf-dist/fonts/type1/urw/times/utmri8a.pfb>
Output written on gshs_thesis.pdf (87 pages, 6188483 bytes).
PDF statistics:
 4117 PDF objects out of 4296 (max. 8388607)
 3694 compressed objects within 37 object streams
 2398 named destinations out of 2487 (max. 500000)
 500 words of extra memory for PDF output out of 10000 (max. 10000000)

