\BOOKMARK [1][-]{Doc-Start}{\376\377\000A\000b\000s\000t\000r\000a\000c\000t}{}% 1
\BOOKMARK [1][-]{Doc-Start}{\376\377\315\010\270\135}{}% 2
\BOOKMARK [1][-]{Doc-Start}{\376\377\000C\000o\000n\000t\000e\000n\000t\000s}{}% 3
\BOOKMARK [1][-]{section*.1}{\376\377\000L\000i\000s\000t\000\040\000o\000f\000\040\000F\000i\000g\000u\000r\000e\000s}{}% 4
\BOOKMARK [1][-]{section.1}{\376\377\000I\000n\000t\000r\000o\000d\000u\000c\000t\000i\000o\000n}{}% 5
\BOOKMARK [2][-]{subsection.1.1}{\376\377\000R\000e\000s\000e\000a\000r\000c\000h\000\040\000m\000o\000t\000i\000v\000a\000t\000i\000o\000n}{section.1}% 6
\BOOKMARK [2][-]{subsection.1.2}{\376\377\000T\000h\000e\000o\000r\000e\000c\000t\000i\000c\000a\000l\000\040\000b\000a\000c\000k\000g\000r\000o\000u\000n\000d}{section.1}% 7
\BOOKMARK [3][-]{subsubsection.1.2.1}{\376\377\274\240\311\300\305\264\000\040\254\341\301\040\254\374\000\040\254\341\272\164\000,\000\040\254\000\311\021\316\130\000\040\274\240\311\300\305\264\000\040\254\341\301\040\254\374\000\040\254\341\272\164}{subsection.1.2}% 8
\BOOKMARK [3][-]{subsubsection.1.2.2}{\376\377\255\374\300\254\000\040\256\060\274\225}{subsection.1.2}% 9
\BOOKMARK [3][-]{subsubsection.1.2.3}{\376\377\254\275\254\304\000\040\000\050\000B\000o\000u\000n\000d\000a\000r\000y\000\051}{subsection.1.2}% 10
\BOOKMARK [3][-]{subsubsection.1.2.4}{\376\377\274\374\270\135\311\321\325\151\000\040\000\050\000C\000o\000n\000v\000e\000x\000\040\000s\000e\000t\000\051}{subsection.1.2}% 11
\BOOKMARK [3][-]{subsubsection.1.2.5}{\376\377\306\044\314\050\325\150\302\030}{subsection.1.2}% 12
\BOOKMARK [3][-]{subsubsection.1.2.6}{\376\377\000o\000b\000j\000,\000m\000t\000l\323\014\307\174}{subsection.1.2}% 13
\BOOKMARK [2][-]{subsection.1.3}{\376\377\305\360\255\154\311\310\273\070}{section.1}% 14
\BOOKMARK [1][-]{section.2}{\376\377\000M\000a\000i\000n\000\040\000C\000o\000n\000t\000e\000n\000t\000s}{}% 15
\BOOKMARK [2][-]{subsection.2.1}{\376\377\0002\000D\000\040\000M\000o\000d\000e\000l\000\040\000I\000m\000p\000r\000o\000v\000e\000m\000e\000n\000t}{section.2}% 16
\BOOKMARK [3][-]{subsubsection.2.1.1}{\376\377\275\204\325\140\000\040\274\051\274\225}{subsection.2.1}% 17
\BOOKMARK [3][-]{subsubsection.2.1.2}{\376\377\000C\000o\000n\000t\000r\000o\000l\000\040\000P\000o\000i\000n\000t\000\040\000D\000e\000t\000e\000r\000m\000i\000n\000a\000t\000i\000o\000n}{subsection.2.1}% 18
\BOOKMARK [3][-]{subsubsection.2.1.3}{\376\377\000A\000l\000g\000o\000r\000i\000t\000h\000m}{subsection.2.1}% 19
\BOOKMARK [3][-]{subsubsection.2.1.4}{\376\377\302\030\270\064\301\061\000\040\311\235\272\205}{subsection.2.1}% 20
\BOOKMARK [2][-]{subsection.2.2}{\376\377\0003\000D\000\040\000m\000o\000d\000e\000l\000\040\000i\000m\000p\000r\000o\000v\000e\000m\000e\000n\000t}{section.2}% 21
\BOOKMARK [3][-]{subsubsection.2.2.1}{\376\377\275\204\325\140\000\040\274\051\274\225}{subsection.2.2}% 22
\BOOKMARK [3][-]{subsubsection.2.2.2}{\376\377\000C\000o\000n\000t\000r\000o\000l\000\040\000P\000o\000i\000n\000t\000\040\000D\000e\000t\000e\000r\000m\000i\000n\000a\000t\000i\000o\000n}{subsection.2.2}% 23
\BOOKMARK [3][-]{subsubsection.2.2.3}{\376\377\000A\000l\000g\000o\000r\000i\000t\000h\000m}{subsection.2.2}% 24
\BOOKMARK [3][-]{subsubsection.2.2.4}{\376\377\302\030\270\064\301\061\000\040\311\235\272\205}{subsection.2.2}% 25
\BOOKMARK [2][-]{subsection.2.3}{\376\377\0002\000D\000\040\000m\000o\000d\000e\000l\000\040\000R\000G\000B\000\040\000i\000m\000p\000l\000e\000m\000e\000n\000t\000a\000t\000i\000o\000n}{section.2}% 26
\BOOKMARK [3][-]{subsubsection.2.3.1}{\376\377\275\204\325\140\000\040\274\051\274\225}{subsection.2.3}% 27
\BOOKMARK [3][-]{subsubsection.2.3.2}{\376\377\000C\000o\000n\000t\000r\000o\000l\000\040\000P\000o\000i\000n\000t\000\040\000D\000e\000t\000e\000r\000m\000i\000n\000a\000t\000i\000o\000n}{subsection.2.3}% 28
\BOOKMARK [3][-]{subsubsection.2.3.3}{\376\377\000A\000l\000g\000o\000r\000i\000t\000h\000m}{subsection.2.3}% 29
\BOOKMARK [3][-]{subsubsection.2.3.4}{\376\377\302\030\270\064\301\061\000\040\311\235\272\205}{subsection.2.3}% 30
\BOOKMARK [2][-]{subsection.2.4}{\376\377\0003\000D\000\040\000m\000o\000d\000e\000l\000\040\000R\000G\000B\000\040\000i\000m\000p\000l\000e\000m\000e\000n\000t\000a\000t\000i\000o\000n}{section.2}% 31
\BOOKMARK [3][-]{subsubsection.2.4.1}{\376\377\000C\000o\000n\000t\000r\000o\000l\000\040\000P\000o\000i\000n\000t\000\040\000D\000e\000t\000e\000r\000m\000i\000n\000a\000t\000i\000o\000n}{subsection.2.4}% 32
\BOOKMARK [3][-]{subsubsection.2.4.2}{\376\377\000A\000l\000g\000o\000r\000i\000t\000h\000m}{subsection.2.4}% 33
\BOOKMARK [3][-]{subsubsection.2.4.3}{\376\377\302\030\270\064\301\061\000\040\311\235\272\205}{subsection.2.4}% 34
\BOOKMARK [2][-]{subsection.2.5}{\376\377\000M\000o\000d\000e\000l\000\040\000M\000o\000v\000e\000m\000e\000n\000t\000\040\000I\000m\000p\000l\000e\000m\000e\000n\000t\000a\000t\000i\000o\000n}{section.2}% 35
\BOOKMARK [1][-]{section.3}{\376\377\000C\000o\000d\000e\000\040\000I\000m\000p\000l\000e\000m\000e\000n\000t\000a\000t\000i\000o\000n}{}% 36
\BOOKMARK [2][-]{subsection.3.1}{\376\377\000L\000a\000m\000b\000e\000r\000t\000i\000a\000n\000\040\000R\000e\000f\000l\000e\000c\000t\000a\000n\000c\000e}{section.3}% 37
\BOOKMARK [2][-]{subsection.3.2}{\376\377\000A\000r\000c\000\040\000A\000p\000p\000r\000o\000x\000i\000m\000a\000t\000i\000o\000n\000\040\000P\000r\000o\000g\000r\000a\000m}{section.3}% 38
\BOOKMARK [2][-]{subsection.3.3}{\376\377\0003\000D\000\040\000m\000o\000d\000e\000l\000\040\000a\000p\000p\000r\000o\000x\000i\000m\000a\000t\000i\000o\000n\000\040\000p\000r\000o\000g\000r\000a\000m}{section.3}% 39
\BOOKMARK [1][-]{section.4}{\376\377\000C\000o\000n\000c\000l\000u\000s\000i\000o\000n}{}% 40
\BOOKMARK [1][-]{section.4}{\376\377\000R\000e\000f\000e\000r\000e\000n\000c\000e\000s}{}% 41
\BOOKMARK [1][-]{section.4}{\376\377\254\020\300\254\307\130\000\040\256\000}{}% 42
\BOOKMARK [1][-]{section.4}{\376\377\305\360\255\154\326\134\263\331}{}% 43
