\BOOKMARK [0][-]{Doc-Start}{..}{}% 1
\BOOKMARK [1][-]{section.1}{..}{Doc-Start}% 2
\BOOKMARK [2][-]{subsection.1.1}{.. ... . ..}{section.1}% 3
\BOOKMARK [2][-]{subsection.1.2}{... ..}{section.1}% 4
\BOOKMARK [3][-]{subsubsection.1.2.1}{... ... ..}{subsection.1.2}% 5
\BOOKMARK [3][-]{subsubsection.1.2.2}{.. ..}{subsection.1.2}% 6
\BOOKMARK [3][-]{subsubsection.1.2.3}{..-.. ..}{subsection.1.2}% 7
\BOOKMARK [3][-]{subsubsection.1.2.4}{obj. mtl}{subsection.1.2}% 8
\BOOKMARK [1][-]{section.2}{.. ..}{Doc-Start}% 9
\BOOKMARK [2][-]{subsection.2.1}{.. ..}{section.2}% 10
\BOOKMARK [2][-]{subsection.2.2}{.. ..}{section.2}% 11
\BOOKMARK [2][-]{subsection.2.3}{.. ..}{section.2}% 12
\BOOKMARK [2][-]{subsection.2.4}{....}{section.2}% 13
\BOOKMARK [2][-]{subsection.2.5}{RGB ..}{section.2}% 14
\BOOKMARK [1][-]{section.3}{.. ..}{Doc-Start}% 15
\BOOKMARK [2][-]{subsection.3.1}{.. ..}{section.3}% 16
\BOOKMARK [2][-]{subsection.3.2}{.. ..}{section.3}% 17
\BOOKMARK [2][-]{subsection.3.3}{....}{section.3}% 18
\BOOKMARK [2][-]{subsection.3.4}{... .. ...}{section.3}% 19
\BOOKMARK [1][-]{section.4}{..}{Doc-Start}% 20
