This is pdfTeX, Version 3.14159265-2.6-1.40.21 (TeX Live 2020/W32TeX) (preloaded format=pdflatex 2021.5.26)  15 DEC 2021 14:53
entering extended mode
 restricted \write18 enabled.
 %&-line parsing enabled.
**"Î≤†ÏßÄÏñ¥ Í≥°Î©¥ÏùÑ Ïù¥Ïö©Ìïú 3D Î™®Îç∏ÎßÅ.tex"
(./Î≤†ÏßÄÏñ¥ Í≥°Î©¥ÏùÑ Ïù¥Ïö©Ìïú 3D Î™®Îç∏ÎßÅ.tex
LaTeX2e <2020-02-02> patch level 5
L3 programming layer <2020-03-06> (./Humantech_Paper_Awardfullpaper_hutech.cls

LaTeX Warning: You have requested document class `Humantech_Paper_Awardfullpape
r_hutech',
               but the document class provides `fullpaper_hutech'.

Document Class: fullpaper_hutech 
(c:/texlive/2020/texmf-dist/tex/latex/base/article.cls
Document Class: article 2019/12/20 v1.4l Standard LaTeX document class
(c:/texlive/2020/texmf-dist/tex/latex/base/size10.clo
File: size10.clo 2019/12/20 v1.4l Standard LaTeX file (size option)
)
\c@part=\count167
\c@section=\count168
\c@subsection=\count169
\c@subsubsection=\count170
\c@paragraph=\count171
\c@subparagraph=\count172
\c@figure=\count173
\c@table=\count174
\abovecaptionskip=\skip47
\belowcaptionskip=\skip48
\bibindent=\dimen134
)
(c:/texlive/2020/texmf-dist/tex/generic/iftex/ifxetex.sty
Package: ifxetex 2019/10/25 v0.7 ifxetex legacy package. Use iftex instead.

(c:/texlive/2020/texmf-dist/tex/generic/iftex/iftex.sty
Package: iftex 2020/03/06 v1.0d TeX engine tests
))
(c:/texlive/2020/texmf-dist/tex/latex/base/fontenc.sty
Package: fontenc 2020/02/11 v2.0o Standard LaTeX package
)
(c:/texlive/2020/texmf-dist/tex/latex/base/inputenc.sty
Package: inputenc 2018/08/11 v1.3c Input encoding file
\inpenc@prehook=\toks15
\inpenc@posthook=\toks16
)
(c:/texlive/2020/texmf-dist/tex/latex/psnfss/mathptmx.sty
Package: mathptmx 2005/04/12 PSNFSS-v9.2a Times w/ Math, improved (SPQR, WaS) 
LaTeX Font Info:    Redeclaring symbol font `operators' on input line 28.
LaTeX Font Info:    Overwriting symbol font `operators' in version `normal'
(Font)                  OT1/cmr/m/n --> OT1/ztmcm/m/n on input line 28.
LaTeX Font Info:    Overwriting symbol font `operators' in version `bold'
(Font)                  OT1/cmr/bx/n --> OT1/ztmcm/m/n on input line 28.
LaTeX Font Info:    Redeclaring symbol font `letters' on input line 29.
LaTeX Font Info:    Overwriting symbol font `letters' in version `normal'
(Font)                  OML/cmm/m/it --> OML/ztmcm/m/it on input line 29.
LaTeX Font Info:    Overwriting symbol font `letters' in version `bold'
(Font)                  OML/cmm/b/it --> OML/ztmcm/m/it on input line 29.
LaTeX Font Info:    Redeclaring symbol font `symbols' on input line 30.
LaTeX Font Info:    Overwriting symbol font `symbols' in version `normal'
(Font)                  OMS/cmsy/m/n --> OMS/ztmcm/m/n on input line 30.
LaTeX Font Info:    Overwriting symbol font `symbols' in version `bold'
(Font)                  OMS/cmsy/b/n --> OMS/ztmcm/m/n on input line 30.
LaTeX Font Info:    Redeclaring symbol font `largesymbols' on input line 31.
LaTeX Font Info:    Overwriting symbol font `largesymbols' in version `normal'
(Font)                  OMX/cmex/m/n --> OMX/ztmcm/m/n on input line 31.
LaTeX Font Info:    Overwriting symbol font `largesymbols' in version `bold'
(Font)                  OMX/cmex/m/n --> OMX/ztmcm/m/n on input line 31.
\symbold=\mathgroup4
\symitalic=\mathgroup5
LaTeX Font Info:    Redeclaring math alphabet \mathbf on input line 34.
LaTeX Font Info:    Overwriting math alphabet `\mathbf' in version `normal'
(Font)                  OT1/cmr/bx/n --> OT1/ptm/bx/n on input line 34.
LaTeX Font Info:    Overwriting math alphabet `\mathbf' in version `bold'
(Font)                  OT1/cmr/bx/n --> OT1/ptm/bx/n on input line 34.
LaTeX Font Info:    Redeclaring math alphabet \mathit on input line 35.
LaTeX Font Info:    Overwriting math alphabet `\mathit' in version `normal'
(Font)                  OT1/cmr/m/it --> OT1/ptm/m/it on input line 35.
LaTeX Font Info:    Overwriting math alphabet `\mathit' in version `bold'
(Font)                  OT1/cmr/bx/it --> OT1/ptm/m/it on input line 35.
LaTeX Info: Redefining \hbar on input line 50.
)
(c:/texlive/2020/texmf-dist/tex/latex/fancyhdr/fancyhdr.sty
Package: fancyhdr 2019/01/31 v3.10 Extensive control of page headers and footer
s
\f@nch@headwidth=\skip49
\f@nch@O@elh=\skip50
\f@nch@O@erh=\skip51
\f@nch@O@olh=\skip52
\f@nch@O@orh=\skip53
\f@nch@O@elf=\skip54
\f@nch@O@erf=\skip55
\f@nch@O@olf=\skip56
\f@nch@O@orf=\skip57
)
(c:/texlive/2020/texmf-dist/tex/latex/base/ifthen.sty
Package: ifthen 2014/09/29 v1.1c Standard LaTeX ifthen package (DPC)
)
(c:/texlive/2020/texmf-dist/tex/latex/abstract/abstract.sty
Package: abstract 2009/06/08 v1.2a configurable abstracts
\abstitleskip=\skip58
\absleftindent=\skip59
\absrightindent=\skip60
\absparindent=\skip61
\absparsep=\skip62
)
(c:/texlive/2020/texmf-dist/tex/latex/titlesec/titlesec.sty
Package: titlesec 2019/10/16 v2.13 Sectioning titles
\ttl@box=\box45
\beforetitleunit=\skip63
\aftertitleunit=\skip64
\ttl@plus=\dimen135
\ttl@minus=\dimen136
\ttl@toksa=\toks17
\titlewidth=\dimen137
\titlewidthlast=\dimen138
\titlewidthfirst=\dimen139
)
(c:/texlive/2020/texmf-dist/tex/latex/tools/indentfirst.sty
Package: indentfirst 1995/11/23 v1.03 Indent first paragraph (DPC)
)
(c:/texlive/2020/texmf-dist/tex/latex/cjk-ko/kotex.sty
Package: kotex 2015/04/19 v1.6 Korean TeX (ko.TeX)

(c:/texlive/2020/texmf-dist/tex/latex/kotex-utf/kotex.cfg)
(c:/texlive/2020/texmf-dist/tex/latex/kotex-utf/kotexutf.sty
Package: kotexutf 2015/07/18 v2.1.1 typesetting UTF-8 Korean documents

(c:/texlive/2020/texmf-dist/tex/plain/kotex-plain/kotexutf-core.tex
\unih@ngulpoint=\count175
\dhucs@emph@raise=\dimen140
)
Now handling font encoding LUC ...
... processing UTF-8 mapping file for font encoding LUC

(c:/texlive/2020/texmf-dist/tex/latex/kotex-utf/lucenc.dfu
File: lucenc.dfu 2007/09/05 UTF-8 support for dhucs
   defining Unicode char U+00B7 (decimal 183)
   defining Unicode char U+2018 (decimal 8216)
   defining Unicode char U+2019 (decimal 8217)
   defining Unicode char U+201C (decimal 8220)
   defining Unicode char U+201D (decimal 8221)
   defining Unicode char U+3001 (decimal 12289)
   defining Unicode char U+3002 (decimal 12290)
   defining Unicode char U+3008 (decimal 12296)
   defining Unicode char U+3009 (decimal 12297)
   defining Unicode char U+300A (decimal 12298)
   defining Unicode char U+300B (decimal 12299)
   defining Unicode char U+300C (decimal 12300)
   defining Unicode char U+300D (decimal 12301)
   defining Unicode char U+300E (decimal 12302)
   defining Unicode char U+300F (decimal 12303)
   defining Unicode char U+3010 (decimal 12304)
   defining Unicode char U+3011 (decimal 12305)
   defining Unicode char U+3014 (decimal 12308)
   defining Unicode char U+3015 (decimal 12309)
   defining Unicode char U+3016 (decimal 12310)
   defining Unicode char U+3017 (decimal 12311)
   defining Unicode char U+3018 (decimal 12312)
   defining Unicode char U+3019 (decimal 12313)
   defining Unicode char U+301A (decimal 12314)
   defining Unicode char U+301B (decimal 12315)
   defining Unicode char U+FF01 (decimal 65281)
   defining Unicode char U+FF08 (decimal 65288)
   defining Unicode char U+FF09 (decimal 65289)
   defining Unicode char U+FF0C (decimal 65292)
   defining Unicode char U+FF0E (decimal 65294)
   defining Unicode char U+FF1A (decimal 65306)
   defining Unicode char U+FF1B (decimal 65307)
   defining Unicode char U+FF1C (decimal 65308)
   defining Unicode char U+FF1D (decimal 65309)
   defining Unicode char U+FF1E (decimal 65310)
   defining Unicode char U+FF1F (decimal 65311)
   defining Unicode char U+FF3B (decimal 65339)
   defining Unicode char U+FF3D (decimal 65341)
   defining Unicode char U+FF5B (decimal 65371)
   defining Unicode char U+FF5D (decimal 65373)
   defining Unicode char U+FF61 (decimal 65377)
   defining Unicode char U+FF62 (decimal 65378)
   defining Unicode char U+FF63 (decimal 65379)
   defining Unicode char U+FF64 (decimal 65380)
   defining Unicode char U+FF65 (decimal 65381)
)
\@josa=\count176
\josatoks=\toks18

(c:/texlive/2020/texmf-dist/tex/latex/cjk-ko/kolabels-utf.sty
Package: kolabels-utf 2015/03/20 v1.5 UTF-8 Hangul item labels
)))
(c:/texlive/2020/texmf-dist/tex/latex/graphics/graphicx.sty
Package: graphicx 2019/11/30 v1.2a Enhanced LaTeX Graphics (DPC,SPQR)

(c:/texlive/2020/texmf-dist/tex/latex/graphics/keyval.sty
Package: keyval 2014/10/28 v1.15 key=value parser (DPC)
\KV@toks@=\toks19
)
(c:/texlive/2020/texmf-dist/tex/latex/graphics/graphics.sty
Package: graphics 2019/11/30 v1.4a Standard LaTeX Graphics (DPC,SPQR)

(c:/texlive/2020/texmf-dist/tex/latex/graphics/trig.sty
Package: trig 2016/01/03 v1.10 sin cos tan (DPC)
)
(c:/texlive/2020/texmf-dist/tex/latex/graphics-cfg/graphics.cfg
File: graphics.cfg 2016/06/04 v1.11 sample graphics configuration
)
Package graphics Info: Driver file: pdftex.def on input line 105.

(c:/texlive/2020/texmf-dist/tex/latex/graphics-def/pdftex.def
File: pdftex.def 2018/01/08 v1.0l Graphics/color driver for pdftex
))
\Gin@req@height=\dimen141
\Gin@req@width=\dimen142
)
(c:/texlive/2020/texmf-dist/tex/latex/caption/caption.sty
Package: caption 2020/01/03 v3.4h Customizing captions (AR)

(c:/texlive/2020/texmf-dist/tex/latex/caption/caption3.sty
Package: caption3 2020/01/03 v1.8h caption3 kernel (AR)
Package caption3 Info: TeX engine: e-TeX on input line 61.
\captionmargin=\dimen143
\captionmargin@=\dimen144
\captionwidth=\dimen145
\caption@tempdima=\dimen146
\caption@indent=\dimen147
\caption@parindent=\dimen148
\caption@hangindent=\dimen149
Package caption Info: Standard document class detected.
)
\c@caption@flags=\count177
\c@continuedfloat=\count178
)
(c:/texlive/2020/texmf-dist/tex/latex/ctable/ctable.sty
Package: ctable 2015/10/17 v1.31 ctable package for flexible typesetting of tab
le and figure floats using key/value directives

(c:/texlive/2020/texmf-dist/tex/generic/iftex/ifpdf.sty
Package: ifpdf 2019/10/25 v3.4 ifpdf legacy package. Use iftex instead.
)
(c:/texlive/2020/texmf-dist/tex/latex/etoolbox/etoolbox.sty
Package: etoolbox 2019/09/21 v2.5h e-TeX tools for LaTeX (JAW)
\etb@tempcnta=\count179
)
(c:/texlive/2020/texmf-dist/tex/latex/xcolor/xcolor.sty
Package: xcolor 2016/05/11 v2.12 LaTeX color extensions (UK)

(c:/texlive/2020/texmf-dist/tex/latex/graphics-cfg/color.cfg
File: color.cfg 2016/01/02 v1.6 sample color configuration
)
Package xcolor Info: Driver file: pdftex.def on input line 225.
Package xcolor Info: Model `cmy' substituted by `cmy0' on input line 1348.
Package xcolor Info: Model `hsb' substituted by `rgb' on input line 1352.
Package xcolor Info: Model `RGB' extended on input line 1364.
Package xcolor Info: Model `HTML' substituted by `rgb' on input line 1366.
Package xcolor Info: Model `Hsb' substituted by `hsb' on input line 1367.
Package xcolor Info: Model `tHsb' substituted by `hsb' on input line 1368.
Package xcolor Info: Model `HSB' substituted by `hsb' on input line 1369.
Package xcolor Info: Model `Gray' substituted by `gray' on input line 1370.
Package xcolor Info: Model `wave' substituted by `hsb' on input line 1371.
)
(c:/texlive/2020/texmf-dist/tex/latex/xkeyval/xkeyval.sty
Package: xkeyval 2014/12/03 v2.7a package option processing (HA)

(c:/texlive/2020/texmf-dist/tex/generic/xkeyval/xkeyval.tex
(c:/texlive/2020/texmf-dist/tex/generic/xkeyval/xkvutils.tex
\XKV@toks=\toks20
\XKV@tempa@toks=\toks21
)
\XKV@depth=\count180
File: xkeyval.tex 2014/12/03 v2.7a key=value parser (HA)
))
(c:/texlive/2020/texmf-dist/tex/latex/tools/array.sty
Package: array 2019/08/31 v2.4l Tabular extension package (FMi)
\col@sep=\dimen150
\ar@mcellbox=\box46
\extrarowheight=\dimen151
\NC@list=\toks22
\extratabsurround=\skip65
\backup@length=\skip66
\ar@cellbox=\box47
)
(c:/texlive/2020/texmf-dist/tex/latex/tools/tabularx.sty
Package: tabularx 2020/01/15 v2.11c `tabularx' package (DPC)
\TX@col@width=\dimen152
\TX@old@table=\dimen153
\TX@old@col=\dimen154
\TX@target=\dimen155
\TX@delta=\dimen156
\TX@cols=\count181
\TX@ftn=\toks23
)
(c:/texlive/2020/texmf-dist/tex/latex/booktabs/booktabs.sty
Package: booktabs 2020/01/12 v1.61803398 Publication quality tables
\heavyrulewidth=\dimen157
\lightrulewidth=\dimen158
\cmidrulewidth=\dimen159
\belowrulesep=\dimen160
\belowbottomsep=\dimen161
\aboverulesep=\dimen162
\abovetopsep=\dimen163
\cmidrulesep=\dimen164
\cmidrulekern=\dimen165
\defaultaddspace=\dimen166
\@cmidla=\count182
\@cmidlb=\count183
\@aboverulesep=\dimen167
\@belowrulesep=\dimen168
\@thisruleclass=\count184
\@lastruleclass=\count185
\@thisrulewidth=\dimen169
)
(c:/texlive/2020/texmf-dist/tex/latex/graphics/rotating.sty
Package: rotating 2016/08/11 v2.16d rotated objects in LaTeX
\c@r@tfl@t=\count186
\rotFPtop=\skip67
\rotFPbot=\skip68
\rot@float@box=\box48
\rot@mess@toks=\toks24
)
(c:/texlive/2020/texmf-dist/tex/latex/transparent/transparent.sty
Package: transparent 2019/11/29 v1.4 Transparency via pdfTeX's color stack (HO)


(c:/texlive/2020/texmf-dist/tex/latex/auxhook/auxhook.sty
Package: auxhook 2019-12-17 v1.6 Hooks for auxiliary files (HO)
))
\@CTframesep=\dimen170
\@dfltCTframesep=\dimen171
\@CTframerule=\dimen172
\@dfltCTframerule=\dimen173
\@CTwidth=\dimen174
\@dfltCTwidth=\dimen175
\@CTcaptionskip=\dimen176
\@dfltCTcaptionskip=\dimen177
\@CTmaxwidth=\dimen178
\@dfltCTmaxwidth=\dimen179
\@CTmincapwidth=\dimen180
\@dfltCTmincapwidth=\dimen181
\@CTfooterwidth=\dimen182
\@dfltCTfooterwidth=\dimen183
\@CTw=\dimen184
\@CTfloatwidth=\dimen185
\@CToldsep=\dimen186
\@CToldrule=\dimen187
\CT@t=\box49
\@CTcurftwidth=\dimen188
)
(c:/texlive/2020/texmf-dist/tex/latex/cite/cite.sty
LaTeX Info: Redefining \cite on input line 302.
LaTeX Info: Redefining \nocite on input line 332.
Package: cite 2015/02/27  v 5.5
)
(c:/texlive/2020/texmf-dist/tex/latex/enumitem/enumitem.sty
Package: enumitem 2019/06/20 v3.9 Customized lists
\labelindent=\skip69
\enit@outerparindent=\dimen189
\enit@toks=\toks25
\enit@inbox=\box50
\enit@count@id=\count187
\enitdp@description=\count188
)
(c:/texlive/2020/texmf-dist/tex/latex/amsmath/amsmath.sty
Package: amsmath 2020/01/20 v2.17e AMS math features
\@mathmargin=\skip70

For additional information on amsmath, use the `?' option.
(c:/texlive/2020/texmf-dist/tex/latex/amsmath/amstext.sty
Package: amstext 2000/06/29 v2.01 AMS text

(c:/texlive/2020/texmf-dist/tex/latex/amsmath/amsgen.sty
File: amsgen.sty 1999/11/30 v2.0 generic functions
\@emptytoks=\toks26
\ex@=\dimen190
))
(c:/texlive/2020/texmf-dist/tex/latex/amsmath/amsbsy.sty
Package: amsbsy 1999/11/29 v1.2d Bold Symbols
\pmbraise@=\dimen191
)
(c:/texlive/2020/texmf-dist/tex/latex/amsmath/amsopn.sty
Package: amsopn 2016/03/08 v2.02 operator names
)
\inf@bad=\count189
LaTeX Info: Redefining \frac on input line 227.
\uproot@=\count190
\leftroot@=\count191
LaTeX Info: Redefining \overline on input line 389.
\classnum@=\count192
\DOTSCASE@=\count193
LaTeX Info: Redefining \ldots on input line 486.
LaTeX Info: Redefining \dots on input line 489.
LaTeX Info: Redefining \cdots on input line 610.
\Mathstrutbox@=\box51
\strutbox@=\box52
\big@size=\dimen192
LaTeX Font Info:    Redeclaring font encoding OML on input line 733.
LaTeX Font Info:    Redeclaring font encoding OMS on input line 734.
\macc@depth=\count194
\c@MaxMatrixCols=\count195
\dotsspace@=\muskip16
\c@parentequation=\count196
\dspbrk@lvl=\count197
\tag@help=\toks27
\row@=\count198
\column@=\count199
\maxfields@=\count266
\andhelp@=\toks28
\eqnshift@=\dimen193
\alignsep@=\dimen194
\tagshift@=\dimen195
\tagwidth@=\dimen196
\totwidth@=\dimen197
\lineht@=\dimen198
\@envbody=\toks29
\multlinegap=\skip71
\multlinetaggap=\skip72
\mathdisplay@stack=\toks30
LaTeX Info: Redefining \[ on input line 2859.
LaTeX Info: Redefining \] on input line 2860.
)
(c:/texlive/2020/texmf-dist/tex/latex/amsfonts/amsfonts.sty
Package: amsfonts 2013/01/14 v3.01 Basic AMSFonts support
\symAMSa=\mathgroup6
\symAMSb=\mathgroup7
LaTeX Font Info:    Overwriting math alphabet `\mathfrak' in version `bold'
(Font)                  U/euf/m/n --> U/euf/b/n on input line 106.
)
(c:/texlive/2020/texmf-dist/tex/latex/amsfonts/amssymb.sty
Package: amssymb 2013/01/14 v3.01 AMS font symbols
)
(c:/texlive/2020/texmf-dist/tex/latex/amscls/amsthm.sty
Package: amsthm 2017/10/31 v2.20.4
\thm@style=\toks31
\thm@bodyfont=\toks32
\thm@headfont=\toks33
\thm@notefont=\toks34
\thm@headpunct=\toks35
\thm@preskip=\skip73
\thm@postskip=\skip74
\thm@headsep=\skip75
\dth@everypar=\toks36
)
(c:/texlive/2020/texmf-dist/tex/latex/cancel/cancel.sty
Package: cancel 2013/04/12 v2.2 Cancel math terms
)
(c:/texlive/2020/texmf-dist/tex/latex/newfloat/newfloat.sty
Package: newfloat 2019/09/02 v1.1l Defining new floating environments (AR)
Package newfloat Info: `rotating' package detected.
)
\c@thm=\count267
\c@defn=\count268
)
(c:/texlive/2020/texmf-dist/tex/latex/tools/bm.sty
Package: bm 2019/07/24 v1.2d Bold Symbol Support (DPC/FMi)
LaTeX Info: Redefining \bm on input line 209.
)
(c:/texlive/2020/texmf-dist/tex/latex/sttools/cuted.sty
Package: cuted 2012/10/04 v1.5 Mixing onecolumn and twocolumn modes
\At@ViperColsBreak=\toks37
\v@aaa=\box53
\v@ccc=\box54
\lastskip@a=\skip76
\lastskip@b=\skip77
\lastskip@d=\skip78
\lastbox@a=\box55
\stripsep=\skip79
\@viper=\box56
\viper@penalty=\count269
\hold@viper=\box57
\ht@viper=\dimen199
)
(c:/texlive/2020/texmf-dist/tex/latex/caption/subcaption.sty
Package: subcaption 2020/01/22 v1.3d Sub-captions (AR)
\c@subfigure=\count270
\c@subtable=\count271
)
(c:/texlive/2020/texmf-dist/tex/latex/setspace/setspace.sty
Package: setspace 2011/12/19 v6.7a set line spacing
)
(c:/texlive/2020/texmf-dist/tex/latex/l3backend/l3backend-pdfmode.def
File: l3backend-pdfmode.def 2020-03-12 L3 backend support: PDF mode
\l__kernel_color_stack_int=\count272
\l__pdf_internal_box=\box58
)
(./Î≤†ÏßÄÏñ¥ Í≥°Î©¥ÏùÑ Ïù¥Ïö©Ìïú 3D Î™®Îç∏ÎßÅ.aux)
\openout1 = `"Î≤†ÏßÄÏñ¥ Í≥°Î©¥ÏùÑ Ïù¥Ïö©Ìïú 3D Î™®Îç∏ÎßÅ.aux"'.

LaTeX Font Info:    Checking defaults for OML/cmm/m/it on input line 10.
LaTeX Font Info:    ... okay on input line 10.
LaTeX Font Info:    Checking defaults for OMS/cmsy/m/n on input line 10.
LaTeX Font Info:    ... okay on input line 10.
LaTeX Font Info:    Checking defaults for OT1/cmr/m/n on input line 10.
LaTeX Font Info:    ... okay on input line 10.
LaTeX Font Info:    Checking defaults for T1/cmr/m/n on input line 10.
LaTeX Font Info:    ... okay on input line 10.
LaTeX Font Info:    Checking defaults for TS1/cmr/m/n on input line 10.
LaTeX Font Info:    ... okay on input line 10.
LaTeX Font Info:    Checking defaults for OMX/cmex/m/n on input line 10.
LaTeX Font Info:    ... okay on input line 10.
LaTeX Font Info:    Checking defaults for U/cmr/m/n on input line 10.
LaTeX Font Info:    ... okay on input line 10.
LaTeX Font Info:    Checking defaults for LUC/nanummj/m/n on input line 10.
LaTeX Font Info:    Trying to load font information for LUC+nanummj on input li
ne 10.

(c:/texlive/2020/texmf-dist/tex/latex/nanumtype1/lucnanummj.fd
File: lucnanummj.fd 2013/02/12 v0.1 Nanum Myeongjo font definitions
)
LaTeX Font Info:    ... okay on input line 10.
LaTeX Font Info:    Trying to load font information for T1+ptm on input line 10
.

(c:/texlive/2020/texmf-dist/tex/latex/psnfss/t1ptm.fd
File: t1ptm.fd 2001/06/04 font definitions for T1/ptm.
)
(c:/texlive/2020/texmf-dist/tex/context/base/mkii/supp-pdf.mkii
[Loading MPS to PDF converter (version 2006.09.02).]
\scratchcounter=\count273
\scratchdimen=\dimen256
\scratchbox=\box59
\nofMPsegments=\count274
\nofMParguments=\count275
\everyMPshowfont=\toks38
\MPscratchCnt=\count276
\MPscratchDim=\dimen257
\MPnumerator=\count277
\makeMPintoPDFobject=\count278
\everyMPtoPDFconversion=\toks39
) (c:/texlive/2020/texmf-dist/tex/latex/epstopdf-pkg/epstopdf-base.sty
Package: epstopdf-base 2020-01-24 v2.11 Base part for package epstopdf
Package epstopdf-base Info: Redefining graphics rule for `.eps' on input line 4
85.

(c:/texlive/2020/texmf-dist/tex/latex/latexconfig/epstopdf-sys.cfg
File: epstopdf-sys.cfg 2010/07/13 v1.3 Configuration of (r)epstopdf for TeX Liv
e
))
Package caption Info: Begin \AtBeginDocument code.
Package caption Info: rotating package is loaded.
Package caption Info: End \AtBeginDocument code.
LaTeX Font Info:    Font shape `LUC/nanummj/b/n' in size <20> not available
(Font)              Font shape `LUC/nanummj/bx/n' tried instead on input line 1
6.
LaTeX Font Info:    Font shape `LUC/nanummj/b/n' in size <10> not available
(Font)              Font shape `LUC/nanummj/bx/n' tried instead on input line 1
8.
LaTeX Font Info:    Trying to load font information for OT1+ztmcm on input line
 18.

(c:/texlive/2020/texmf-dist/tex/latex/psnfss/ot1ztmcm.fd
File: ot1ztmcm.fd 2000/01/03 Fontinst v1.801 font definitions for OT1/ztmcm.
)
LaTeX Font Info:    Trying to load font information for OML+ztmcm on input line
 18.

(c:/texlive/2020/texmf-dist/tex/latex/psnfss/omlztmcm.fd
File: omlztmcm.fd 2000/01/03 Fontinst v1.801 font definitions for OML/ztmcm.
)
LaTeX Font Info:    Trying to load font information for OMS+ztmcm on input line
 18.

(c:/texlive/2020/texmf-dist/tex/latex/psnfss/omsztmcm.fd
File: omsztmcm.fd 2000/01/03 Fontinst v1.801 font definitions for OMS/ztmcm.
)
LaTeX Font Info:    Trying to load font information for OMX+ztmcm on input line
 18.

(c:/texlive/2020/texmf-dist/tex/latex/psnfss/omxztmcm.fd
File: omxztmcm.fd 2000/01/03 Fontinst v1.801 font definitions for OMX/ztmcm.
)
LaTeX Font Info:    Trying to load font information for OT1+ptm on input line 1
8.

(c:/texlive/2020/texmf-dist/tex/latex/psnfss/ot1ptm.fd
File: ot1ptm.fd 2001/06/04 font definitions for OT1/ptm.
)
LaTeX Font Info:    Font shape `OT1/ptm/bx/n' in size <10> not available
(Font)              Font shape `OT1/ptm/b/n' tried instead on input line 18.
LaTeX Font Info:    Font shape `OT1/ptm/bx/n' in size <7.4> not available
(Font)              Font shape `OT1/ptm/b/n' tried instead on input line 18.
LaTeX Font Info:    Font shape `OT1/ptm/bx/n' in size <6> not available
(Font)              Font shape `OT1/ptm/b/n' tried instead on input line 18.
Extra height:0.0pt when 0.0pt
(2)Left:0.0pt Right:0.0pt Output:0.0pt
- LAST -
Left:0.0pt
Right:0.0pt
Output:0.0pt
LaTeX Font Info:    Font shape `LUC/nanummj/b/n' in size <11> not available
(Font)              Font shape `LUC/nanummj/bx/n' tried instead on input line 2
2.

Underfull \hbox (badness 10000) in paragraph at lines 41--42
[]\T1/ptm/b/n/10 Definition 2. []$\OT1/ztmcm/m/n/10 (\OML/ztmcm/m/it/10 n \OT1/
ztmcm/m/n/10 + 1)(\OML/ztmcm/m/it/10 m \OT1/ztmcm/m/n/10 + 1)$\LUC/nanummj/m/n/
10/ac ^^\\LUC/nanummj/m/n/10/c7 X \LUC/nanummj/m/n/10/c8 ^^P $\OT1/ptm/b/n/10 b
[] \OT1/ztmcm/m/n/10 (\OML/ztmcm/m/it/10 i \OT1/ztmcm/m/n/10 =
 []


Underfull \hbox (badness 6032) in paragraph at lines 41--42
\OT1/ztmcm/m/n/10 0\OML/ztmcm/m/it/10 ; \OT1/ztmcm/m/n/10 1\OML/ztmcm/m/it/10 ;
 []  ; n [] j \OT1/ztmcm/m/n/10 = 0\OML/ztmcm/m/it/10 ; \OT1/ztmcm/m/n/10 1\OML
/ztmcm/m/it/10 ; []  ; m\OT1/ztmcm/m/n/10 )$\LUC/nanummj/m/n/10/c5 – \LUC/nanum
mj/m/n/10/b3 ^^@\LUC/nanummj/m/n/10/d5 t \LUC/nanummj/m/n/10/b2 ‰\LUC/nanummj/m
/n/10/c7 L $\OT1/ztmcm/m/n/10 2$\LUC/nanummj/m/n/10/bc ¿\LUC/nanummj/m/n/10/c2 
^^X
 []


! LaTeX Error: File `BezierSurface' not found.

See the LaTeX manual or LaTeX Companion for explanation.
Type  H <return>  for immediate help.
 ...                                              
                                                  
l.51 ...aphics[width=.25\textwidth]{BezierSurface}
                                                  
I could not locate the file with any of these extensions:
.pdf,.png,.jpg,.mps,.jpeg,.jbig2,.jb2,.PDF,.PNG,.JPG,.JPEG,.JBIG2,.JB2,.eps
Try typing  <return>  to proceed.
If that doesn't work, type  X <return>  to quit.

LaTeX Font Info:    Font shape `OT1/ptm/bx/n' in size <9> not available
(Font)              Font shape `OT1/ptm/b/n' tried instead on input line 53.
LaTeX Font Info:    Font shape `OT1/ptm/bx/n' in size <7> not available
(Font)              Font shape `OT1/ptm/b/n' tried instead on input line 53.
LaTeX Font Info:    Font shape `OT1/ptm/bx/n' in size <5> not available
(Font)              Font shape `OT1/ptm/b/n' tried instead on input line 53.
LaTeX Font Info:    Font shape `LUC/nanummj/b/n' in size <9> not available
(Font)              Font shape `LUC/nanummj/bx/n' tried instead on input line 5
3.

Underfull \vbox (badness 5077) has occurred while \output is active []

LaTeX Font Info:    Font shape `OT1/ptm/bx/n' in size <12> not available
(Font)              Font shape `OT1/ptm/b/n' tried instead on input line 61.


Package Fancyhdr Warning: \headheight is too small (12.0pt): 
Make it at least 13.28233pt.
We now make it that large for the rest of the document.
This may cause the page layout to be inconsistent, however.

[1{c:/texlive/2020/texmf-var/fonts/map/pdftex/updmap/pdftex.map}

]
LaTeX Font Info:    Font shape `LUC/nanummj/m/it' in size <10> not available
(Font)              Font shape `LUC/nanummj/m/sl' tried instead on input line 7
9.

Underfull \hbox (badness 1484) in paragraph at lines 100--101
\LUC/nanummj/m/n/10/c5 ª\LUC/nanummj/m/n/10/c7 D \LUC/nanummj/m/n/10/c2 ^^X \LU
C/nanummj/m/n/10/c7 à\LUC/nanummj/m/n/10/b2 ‰\T1/ptm/m/n/10 . $\OML/ztmcm/m/it/
10 f$\LUC/nanummj/m/n/10/ac ^^@ \LUC/nanummj/m/n/10/b4 P \LUC/nanummj/m/n/10/bc
 à \LUC/nanummj/m/n/10/c5 \LUC/nanummj/m/n/10/c1 ç\LUC/nanummj/m/n/10/c8 ^^A\L
UC/nanummj/m/n/10/c7 <\LUC/nanummj/m/n/10/b8 \ \LUC/nanummj/m/n/10/bb ¯\LUC/nan
ummj/m/n/10/bd Ñ\LUC/nanummj/m/n/10/ac ^^@\LUC/nanummj/m/n/10/b2 •\LUC/nanummj/
m/n/10/d5 X\LUC/nanummj/m/n/10/ba t
 []


Underfull \hbox (badness 4792) in paragraph at lines 100--101
\LUC/nanummj/m/n/10/b2 t\LUC/nanummj/m/n/10/d1 4\T1/ptm/m/n/10 -\LUC/nanummj/m/
n/10/b7 ©\LUC/nanummj/m/n/10/c2 ® \LUC/nanummj/m/n/10/bc )ï\LUC/nanummj/m/n/10/
c7 @ t\LUC/nanummj/m/n/10/cc ( \LUC/nanummj/m/n/10/ad ¸\LUC/nanummj/m/n/10/c0 ¨
\LUC/nanummj/m/n/10/c7 Ñt \LUC/nanummj/m/n/10/c5 L\LUC/nanummj/m/n/10/b8 $\LUC/
nanummj/m/n/10/c8 8 \LUC/nanummj/m/n/10/c7 à\LUC/nanummj/m/n/10/b2 ‰\T1/ptm/m/n
/10 . \LUC/nanummj/m/n/10/c9 â
 []


Underfull \hbox (badness 10000) in paragraph at lines 100--101

 []


Underfull \vbox (badness 1521) has occurred while \output is active []

 [2]

! LaTeX Error: File `subdivision1' not found.

See the LaTeX manual or LaTeX Companion for explanation.
Type  H <return>  for immediate help.
 ...                                              
                                                  
l.134 ...egraphics[width=\textwidth]{subdivision1}
                                                  
I could not locate the file with any of these extensions:
.pdf,.png,.jpg,.mps,.jpeg,.jbig2,.jb2,.PDF,.PNG,.JPG,.JPEG,.JBIG2,.JB2,.eps
Try typing  <return>  to proceed.
If that doesn't work, type  X <return>  to quit.

LaTeX Font Info:    Font shape `OT1/ptm/bx/n' in size <8> not available
(Font)              Font shape `OT1/ptm/b/n' tried instead on input line 135.

! LaTeX Error: File `subdivision2' not found.

See the LaTeX manual or LaTeX Companion for explanation.
Type  H <return>  for immediate help.
 ...                                              
                                                  
l.138 ...egraphics[width=\textwidth]{subdivision2}
                                                  
I could not locate the file with any of these extensions:
.pdf,.png,.jpg,.mps,.jpeg,.jbig2,.jb2,.PDF,.PNG,.JPG,.JPEG,.JBIG2,.JB2,.eps
Try typing  <return>  to proceed.
If that doesn't work, type  X <return>  to quit.


! LaTeX Error: File `subdivision3' not found.

See the LaTeX manual or LaTeX Companion for explanation.
Type  H <return>  for immediate help.
 ...                                              
                                                  
l.142 ...egraphics[width=\textwidth]{subdivision3}
                                                  
I could not locate the file with any of these extensions:
.pdf,.png,.jpg,.mps,.jpeg,.jbig2,.jb2,.PDF,.PNG,.JPG,.JPEG,.JBIG2,.JB2,.eps
Try typing  <return>  to proceed.
If that doesn't work, type  X <return>  to quit.

[3]

! LaTeX Error: File `approx1' not found.

See the LaTeX manual or LaTeX Companion for explanation.
Type  H <return>  for immediate help.
 ...                                              
                                                  
l.213 ...ncludegraphics[width=\textwidth]{approx1}
                                                  
I could not locate the file with any of these extensions:
.pdf,.png,.jpg,.mps,.jpeg,.jbig2,.jb2,.PDF,.PNG,.JPG,.JPEG,.JBIG2,.JB2,.eps
Try typing  <return>  to proceed.
If that doesn't work, type  X <return>  to quit.


! LaTeX Error: File `approx2' not found.

See the LaTeX manual or LaTeX Companion for explanation.
Type  H <return>  for immediate help.
 ...                                              
                                                  
l.217 ...ncludegraphics[width=\textwidth]{approx2}
                                                  
I could not locate the file with any of these extensions:
.pdf,.png,.jpg,.mps,.jpeg,.jbig2,.jb2,.PDF,.PNG,.JPG,.JPEG,.JBIG2,.JB2,.eps
Try typing  <return>  to proceed.
If that doesn't work, type  X <return>  to quit.

[4]

! LaTeX Error: File ` leastSquare' not found.

See the LaTeX manual or LaTeX Companion for explanation.
Type  H <return>  for immediate help.
 ...                                              
                                                  
l.270 		leastSquare}
                    
I could not locate the file with any of these extensions:
.pdf,.png,.jpg,.mps,.jpeg,.jbig2,.jb2,.PDF,.PNG,.JPG,.JPEG,.JBIG2,.JB2,.eps
Try typing  <return>  to proceed.
If that doesn't work, type  X <return>  to quit.


! LaTeX Error: File `approx3' not found.

See the LaTeX manual or LaTeX Companion for explanation.
Type  H <return>  for immediate help.
 ...                                              
                                                  
l.278 ...ncludegraphics[width=\textwidth]{approx3}
                                                  
I could not locate the file with any of these extensions:
.pdf,.png,.jpg,.mps,.jpeg,.jbig2,.jb2,.PDF,.PNG,.JPG,.JPEG,.JBIG2,.JB2,.eps
Try typing  <return>  to proceed.
If that doesn't work, type  X <return>  to quit.


! LaTeX Error: File `approx4' not found.

See the LaTeX manual or LaTeX Companion for explanation.
Type  H <return>  for immediate help.
 ...                                              
                                                  
l.281 ...ncludegraphics[width=\textwidth]{approx4}
                                                  
I could not locate the file with any of these extensions:
.pdf,.png,.jpg,.mps,.jpeg,.jbig2,.jb2,.PDF,.PNG,.JPG,.JPEG,.JBIG2,.JB2,.eps
Try typing  <return>  to proceed.
If that doesn't work, type  X <return>  to quit.


! LaTeX Error: File `gg' not found.

See the LaTeX manual or LaTeX Companion for explanation.
Type  H <return>  for immediate help.
 ...                                              
                                                  
l.303 		\includegraphics[width=.5\textwidth]{gg}
                                                
I could not locate the file with any of these extensions:
.pdf,.png,.jpg,.mps,.jpeg,.jbig2,.jb2,.PDF,.PNG,.JPG,.JPEG,.JBIG2,.JB2,.eps
Try typing  <return>  to proceed.
If that doesn't work, type  X <return>  to quit.


Underfull \vbox (badness 10000) has occurred while \output is active []

 [5]
Underfull \hbox (badness 10000) in paragraph at lines 343--344
[]$\OML/ztmcm/m/it/10 u[]$\LUC/nanummj/m/n/10/c6 @ $\OML/ztmcm/m/it/10 v[]$\LUC
/nanummj/m/n/10/ac ^^@ \LUC/nanummj/m/n/10/d5 m\LUC/nanummj/m/n/10/c0 ¡ $\OT1/z
tmcm/m/n/10 [0\OML/ztmcm/m/it/10 :\OT1/ztmcm/m/n/10 01\OML/ztmcm/m/it/10 ;  \OT
1/ztmcm/m/n/10 0\OML/ztmcm/m/it/10 :\OT1/ztmcm/m/n/10 99]$ \LUC/nanummj/m/n/10/
bc î\LUC/nanummj/m/n/10/c7 ^^D\LUC/nanummj/m/n/10/c5 – \LUC/nanummj/m/n/10/c7 à
<\LUC/nanummj/m/n/10/bb ¿\LUC/nanummj/m/n/10/b8 \
 []


Underfull \hbox (badness 10000) in paragraph at lines 343--344
\OT1/ztmcm/m/n/10 (\OML/ztmcm/m/it/10 B[]\OT1/ztmcm/m/n/10 (\OML/ztmcm/m/it/10 
u[]\OT1/ztmcm/m/n/10 )\OML/ztmcm/m/it/10 B[]\OT1/ztmcm/m/n/10 (\OML/ztmcm/m/it/
10 v[]\OT1/ztmcm/m/n/10 ))[] \OMS/ztmcm/m/n/10 ^^U \OT1/ztmcm/m/n/10 (2 \OMS/zt
mcm/m/n/10 ^^B \OT1/ztmcm/m/n/10 0\OML/ztmcm/m/it/10 :\OT1/ztmcm/m/n/10 01 \OMS
/ztmcm/m/n/10 ^^B \OT1/ztmcm/m/n/10 0\OML/ztmcm/m/it/10 :\OT1/ztmcm/m/n/10 99)[
] = \OML/ztmcm/m/it/10 C$\LUC/nanummj/m/n/10/c7 t\LUC/nanummj/m/n/10/ac ‡\T1/pt
m/m/n/10 , \LUC/nanummj/m/n/10/c7 t\LUC/nanummj/m/n/10/c5 –
 []


Underfull \hbox (badness 10000) in paragraph at lines 364--365
[]\T1/ptm/m/n/10 "How can one char-ac-ter-ize the bound-ary
 []


Underfull \hbox (badness 10000) in paragraph at lines 364--365
\T1/ptm/m/n/10 of a con-vex set?" Re-search-Gate, last mod-i-
 []


Underfull \hbox (badness 10000) in paragraph at lines 364--365
\T1/ptm/m/n/10 fied Mar 21st, 2015, ac-cessed Nov 28th, 2021,
 []


Overfull \hbox (2.90242pt too wide) in paragraph at lines 364--365
\T1/ptm/m/n/10 https://www.researchgate.net/post/How_can_one_characterize
 []


Package caption Warning: Unused \captionsetup[table] on input line 113.
See the caption package documentation for explanation.

[6] (./Î≤†ÏßÄÏñ¥ Í≥°Î©¥ÏùÑ Ïù¥Ïö©Ìïú 3D Î™®Îç∏ÎßÅ.aux) ) 
Here is how much of TeX's memory you used:
 7578 strings out of 480608
 106906 string characters out of 5907536
 372905 words of memory out of 5000000
 23153 multiletter control sequences out of 15000+600000
 682445 words of font info for 364 fonts, out of 8000000 for 9000
 1141 hyphenation exceptions out of 8191
 49i,16n,77p,2387b,629s stack positions out of 5000i,500n,10000p,200000b,80000s
{c:/texlive/2020/texmf-
dist/fonts/enc/dvips/base/8r.enc}<c:/texlive/2020/texmf-dist/fonts/type1/public
/amsfonts/cm/cmex10.pfb><c:/texlive/2020/texmf-dist/fonts/type1/public/amsfonts
/cm/cmmi10.pfb><c:/texlive/2020/texmf-dist/fonts/type1/public/amsfonts/cm/cmr10
.pfb><c:/texlive/2020/texmf-dist/fonts/type1/public/amsfonts/cm/cmsy10.pfb><c:/
texlive/2020/texmf-dist/fonts/type1/public/amsfonts/euler/eufm10.pfb><c:/texliv
e/2020/texmf-dist/fonts/type1/public/amsfonts/symbols/msam10.pfb><c:/texlive/20
20/texmf-dist/fonts/type1/public/amsfonts/symbols/msbm10.pfb><c:/texlive/2020/t
exmf-dist/fonts/type1/public/nanumtype1/nanummjbac.pfb><c:/texlive/2020/texmf-d
ist/fonts/type1/public/nanumtype1/nanummjbad.pfb><c:/texlive/2020/texmf-dist/fo
nts/type1/public/nanumtype1/nanummjbae.pfb><c:/texlive/2020/texmf-dist/fonts/ty
pe1/public/nanumtype1/nanummjbb0.pfb><c:/texlive/2020/texmf-dist/fonts/type1/pu
blic/nanumtype1/nanummjbb1.pfb><c:/texlive/2020/texmf-dist/fonts/type1/public/n
anumtype1/nanummjbb2.pfb><c:/texlive/2020/texmf-dist/fonts/type1/public/nanumty
pe1/nanummjbb3.pfb><c:/texlive/2020/texmf-dist/fonts/type1/public/nanumtype1/na
nummjbb4.pfb><c:/texlive/2020/texmf-dist/fonts/type1/public/nanumtype1/nanummjb
b5.pfb><c:/texlive/2020/texmf-dist/fonts/type1/public/nanumtype1/nanummjbb6.pfb
><c:/texlive/2020/texmf-dist/fonts/type1/public/nanumtype1/nanummjbb7.pfb><c:/t
exlive/2020/texmf-dist/fonts/type1/public/nanumtype1/nanummjbb8.pfb><c:/texlive
/2020/texmf-dist/fonts/type1/public/nanumtype1/nanummjbb9.pfb><c:/texlive/2020/
texmf-dist/fonts/type1/public/nanumtype1/nanummjbba.pfb><c:/texlive/2020/texmf-
dist/fonts/type1/public/nanumtype1/nanummjbbb.pfb><c:/texlive/2020/texmf-dist/f
onts/type1/public/nanumtype1/nanummjbbc.pfb><c:/texlive/2020/texmf-dist/fonts/t
ype1/public/nanumtype1/nanummjbbd.pfb><c:/texlive/2020/texmf-dist/fonts/type1/p
ublic/nanumtype1/nanummjbbe.pfb><c:/texlive/2020/texmf-dist/fonts/type1/public/
nanumtype1/nanummjbc0.pfb><c:/texlive/2020/texmf-dist/fonts/type1/public/nanumt
ype1/nanummjbc1.pfb><c:/texlive/2020/texmf-dist/fonts/type1/public/nanumtype1/n
anummjbc2.pfb><c:/texlive/2020/texmf-dist/fonts/type1/public/nanumtype1/nanummj
bc3.pfb><c:/texlive/2020/texmf-dist/fonts/type1/public/nanumtype1/nanummjbc5.pf
b><c:/texlive/2020/texmf-dist/fonts/type1/public/nanumtype1/nanummjbc6.pfb><c:/
texlive/2020/texmf-dist/fonts/type1/public/nanumtype1/nanummjbc7.pfb><c:/texliv
e/2020/texmf-dist/fonts/type1/public/nanumtype1/nanummjbc8.pfb><c:/texlive/2020
/texmf-dist/fonts/type1/public/nanumtype1/nanummjbc9.pfb><c:/texlive/2020/texmf
-dist/fonts/type1/public/nanumtype1/nanummjbcc.pfb><c:/texlive/2020/texmf-dist/
fonts/type1/public/nanumtype1/nanummjbcd.pfb><c:/texlive/2020/texmf-dist/fonts/
type1/public/nanumtype1/nanummjbcf.pfb><c:/texlive/2020/texmf-dist/fonts/type1/
public/nanumtype1/nanummjbd0.pfb><c:/texlive/2020/texmf-dist/fonts/type1/public
/nanumtype1/nanummjbd1.pfb><c:/texlive/2020/texmf-dist/fonts/type1/public/nanum
type1/nanummjbd3.pfb><c:/texlive/2020/texmf-dist/fonts/type1/public/nanumtype1/
nanummjbd4.pfb><c:/texlive/2020/texmf-dist/fonts/type1/public/nanumtype1/nanumm
jbd5.pfb><c:/texlive/2020/texmf-dist/fonts/type1/public/nanumtype1/nanummjbd6.p
fb><c:/texlive/2020/texmf-dist/fonts/type1/public/nanumtype1/nanummjbd7.pfb><c:
/texlive/2020/texmf-dist/fonts/type1/public/nanumtype1/nanummjmac.pfb><c:/texli
ve/2020/texmf-dist/fonts/type1/public/nanumtype1/nanummjmac.pfb><c:/texlive/202
0/texmf-dist/fonts/type1/public/nanumtype1/nanummjmad.pfb><c:/texlive/2020/texm
f-dist/fonts/type1/public/nanumtype1/nanummjmad.pfb><c:/texlive/2020/texmf-dist
/fonts/type1/public/nanumtype1/nanummjmae.pfb><c:/texlive/2020/texmf-dist/fonts
/type1/public/nanumtype1/nanummjmaf.pfb><c:/texlive/2020/texmf-dist/fonts/type1
/public/nanumtype1/nanummjmb0.pfb><c:/texlive/2020/texmf-dist/fonts/type1/publi
c/nanumtype1/nanummjmb1.pfb><c:/texlive/2020/texmf-dist/fonts/type1/public/nanu
mtype1/nanummjmb2.pfb><c:/texlive/2020/texmf-dist/fonts/type1/public/nanumtype1
/nanummjmb2.pfb><c:/texlive/2020/texmf-dist/fonts/type1/public/nanumtype1/nanum
mjmb3.pfb><c:/texlive/2020/texmf-dist/fonts/type1/public/nanumtype1/nanummjmb3.
pfb><c:/texlive/2020/texmf-dist/fonts/type1/public/nanumtype1/nanummjmb4.pfb><c
:/texlive/2020/texmf-dist/fonts/type1/public/nanumtype1/nanummjmb4.pfb><c:/texl
ive/2020/texmf-dist/fonts/type1/public/nanumtype1/nanummjmb5.pfb><c:/texlive/20
20/texmf-dist/fonts/type1/public/nanumtype1/nanummjmb5.pfb><c:/texlive/2020/tex
mf-dist/fonts/type1/public/nanumtype1/nanummjmb6.pfb><c:/texlive/2020/texmf-dis
t/fonts/type1/public/nanumtype1/nanummjmb7.pfb><c:/texlive/2020/texmf-dist/font
s/type1/public/nanumtype1/nanummjmb7.pfb><c:/texlive/2020/texmf-dist/fonts/type
1/public/nanumtype1/nanummjmb8.pfb><c:/texlive/2020/texmf-dist/fonts/type1/publ
ic/nanumtype1/nanummjmb8.pfb><c:/texlive/2020/texmf-dist/fonts/type1/public/nan
umtype1/nanummjmb9.pfb><c:/texlive/2020/texmf-dist/fonts/type1/public/nanumtype
1/nanummjmb9.pfb><c:/texlive/2020/texmf-dist/fonts/type1/public/nanumtype1/nanu
mmjmba.pfb><c:/texlive/2020/texmf-dist/fonts/type1/public/nanumtype1/nanummjmba
.pfb><c:/texlive/2020/texmf-dist/fonts/type1/public/nanumtype1/nanummjmbb.pfb><
c:/texlive/2020/texmf-dist/fonts/type1/public/nanumtype1/nanummjmbc.pfb><c:/tex
live/2020/texmf-dist/fonts/type1/public/nanumtype1/nanummjmbc.pfb><c:/texlive/2
020/texmf-dist/fonts/type1/public/nanumtype1/nanummjmbd.pfb><c:/texlive/2020/te
xmf-dist/fonts/type1/public/nanumtype1/nanummjmbe.pfb><c:/texlive/2020/texmf-di
st/fonts/type1/public/nanumtype1/nanummjmbf.pfb><c:/texlive/2020/texmf-dist/fon
ts/type1/public/nanumtype1/nanummjmc0.pfb><c:/texlive/2020/texmf-dist/fonts/typ
e1/public/nanumtype1/nanummjmc0.pfb><c:/texlive/2020/texmf-dist/fonts/type1/pub
lic/nanumtype1/nanummjmc1.pfb><c:/texlive/2020/texmf-dist/fonts/type1/public/na
numtype1/nanummjmc1.pfb><c:/texlive/2020/texmf-dist/fonts/type1/public/nanumtyp
e1/nanummjmc2.pfb><c:/texlive/2020/texmf-dist/fonts/type1/public/nanumtype1/nan
ummjmc2.pfb><c:/texlive/2020/texmf-dist/fonts/type1/public/nanumtype1/nanummjmc
3.pfb><c:/texlive/2020/texmf-dist/fonts/type1/public/nanumtype1/nanummjmc4.pfb>
<c:/texlive/2020/texmf-dist/fonts/type1/public/nanumtype1/nanummjmc5.pfb><c:/te
xlive/2020/texmf-dist/fonts/type1/public/nanumtype1/nanummjmc5.pfb><c:/texlive/
2020/texmf-dist/fonts/type1/public/nanumtype1/nanummjmc6.pfb><c:/texlive/2020/t
exmf-dist/fonts/type1/public/nanumtype1/nanummjmc6.pfb><c:/texlive/2020/texmf-d
ist/fonts/type1/public/nanumtype1/nanummjmc7.pfb><c:/texlive/2020/texmf-dist/fo
nts/type1/public/nanumtype1/nanummjmc7.pfb><c:/texlive/2020/texmf-dist/fonts/ty
pe1/public/nanumtype1/nanummjmc8.pfb><c:/texlive/2020/texmf-dist/fonts/type1/pu
blic/nanumtype1/nanummjmc8.pfb><c:/texlive/2020/texmf-dist/fonts/type1/public/n
anumtype1/nanummjmc9.pfb><c:/texlive/2020/texmf-dist/fonts/type1/public/nanumty
pe1/nanummjmc9.pfb><c:/texlive/2020/texmf-dist/fonts/type1/public/nanumtype1/na
nummjmcc.pfb><c:/texlive/2020/texmf-dist/fonts/type1/public/nanumtype1/nanummjm
cc.pfb><c:/texlive/2020/texmf-dist/fonts/type1/public/nanumtype1/nanummjmcd.pfb
><c:/texlive/2020/texmf-dist/fonts/type1/public/nanumtype1/nanummjmce.pfb><c:/t
exlive/2020/texmf-dist/fonts/type1/public/nanumtype1/nanummjmcf.pfb><c:/texlive
/2020/texmf-dist/fonts/type1/public/nanumtype1/nanummjmd0.pfb><c:/texlive/2020/
texmf-dist/fonts/type1/public/nanumtype1/nanummjmd1.pfb><c:/texlive/2020/texmf-
dist/fonts/type1/public/nanumtype1/nanummjmd2.pfb><c:/texlive/2020/texmf-dist/f
onts/type1/public/nanumtype1/nanummjmd3.pfb><c:/texlive/2020/texmf-dist/fonts/t
ype1/public/nanumtype1/nanummjmd3.pfb><c:/texlive/2020/texmf-dist/fonts/type1/p
ublic/nanumtype1/nanummjmd4.pfb><c:/texlive/2020/texmf-dist/fonts/type1/public/
nanumtype1/nanummjmd5.pfb><c:/texlive/2020/texmf-dist/fonts/type1/public/nanumt
ype1/nanummjmd5.pfb><c:/texlive/2020/texmf-dist/fonts/type1/public/nanumtype1/n
anummjmd6.pfb><c:/texlive/2020/texmf-dist/fonts/type1/public/nanumtype1/nanummj
md6.pfb><c:/texlive/2020/texmf-dist/fonts/type1/public/nanumtype1/nanummjmd7.pf
b><c:/texlive/2020/texmf-dist/fonts/type1/urw/symbol/usyr.pfb><c:/texlive/2020/
texmf-dist/fonts/type1/urw/symbol/usyr.pfb><c:/texlive/2020/texmf-dist/fonts/ty
pe1/urw/times/utmb8a.pfb><c:/texlive/2020/texmf-dist/fonts/type1/urw/times/utmr
8a.pfb><c:/texlive/2020/texmf-dist/fonts/type1/urw/times/utmri8a.pfb>
Output written on "Î≤†ÏßÄÏñ¥ Í≥°Î©¥ÏùÑ Ïù¥Ïö©Ìïú 3D Î™®Îç∏ÎßÅ.pdf" (6 pages, 47
84941 bytes).
PDF statistics:
 483 PDF objects out of 1000 (max. 8388607)
 357 compressed objects within 4 object streams
 0 named destinations out of 1000 (max. 500000)
 1 words of extra memory for PDF output out of 10000 (max. 10000000)

